DEBUG - 2026-01-29 14:21:58 --> Session: Class initialized using 'CodeIgniter\Session\Handlers\FileHandler' driver.
DEBUG - 2026-01-29 14:21:59 --> Session: Class initialized using 'CodeIgniter\Session\Handlers\FileHandler' driver.
INFO - 2026-01-29 14:22:04 --> CSRF token verified.
DEBUG - 2026-01-29 14:22:05 --> Session: Class initialized using 'CodeIgniter\Session\Handlers\FileHandler' driver.
DEBUG - 2026-01-29 14:22:05 --> Session: Class initialized using 'CodeIgniter\Session\Handlers\FileHandler' driver.
DEBUG - 2026-01-29 14:23:35 --> Session: Class initialized using 'CodeIgniter\Session\Handlers\FileHandler' driver.
ERROR - 2026-01-29 14:23:35 --> mysqli_sql_exception: Table 'appforrajes.tbl_rel_productocaducidad' doesn't exist in C:\xampp\htdocs\Proyect_Appforrajes_dev\vendor\codeigniter4\framework\system\Database\MySQLi\Connection.php:327
Stack trace:
#0 C:\xampp\htdocs\Proyect_Appforrajes_dev\vendor\codeigniter4\framework\system\Database\MySQLi\Connection.php(327): mysqli->query('SELECT `dp`.`de...', 0)
#1 C:\xampp\htdocs\Proyect_Appforrajes_dev\vendor\codeigniter4\framework\system\Database\BaseConnection.php(729): CodeIgniter\Database\MySQLi\Connection->execute('SELECT `dp`.`de...')
#2 C:\xampp\htdocs\Proyect_Appforrajes_dev\vendor\codeigniter4\framework\system\Database\BaseConnection.php(646): CodeIgniter\Database\BaseConnection->simpleQuery('SELECT `dp`.`de...')
#3 C:\xampp\htdocs\Proyect_Appforrajes_dev\vendor\codeigniter4\framework\system\Database\BaseBuilder.php(1649): CodeIgniter\Database\BaseConnection->query('SELECT `dp`.`de...', Array, false)
#4 C:\xampp\htdocs\Proyect_Appforrajes_dev\app\Controllers\GestionPromocionesProductosController.php(74): CodeIgniter\Database\BaseBuilder->get()
#5 C:\xampp\htdocs\Proyect_Appforrajes_dev\app\Controllers\GestionPromocionesProductosController.php(26): App\Controllers\GestionPromocionesProductosController->getInventarioSemaforo()
#6 C:\xampp\htdocs\Proyect_Appforrajes_dev\vendor\codeigniter4\framework\system\CodeIgniter.php(933): App\Controllers\GestionPromocionesProductosController->Index()
#7 C:\xampp\htdocs\Proyect_Appforrajes_dev\vendor\codeigniter4\framework\system\CodeIgniter.php(507): CodeIgniter\CodeIgniter->runController(Object(App\Controllers\GestionPromocionesProductosController))
#8 C:\xampp\htdocs\Proyect_Appforrajes_dev\vendor\codeigniter4\framework\system\CodeIgniter.php(354): CodeIgniter\CodeIgniter->handleRequest(NULL, Object(Config\Cache), false)
#9 C:\xampp\htdocs\Proyect_Appforrajes_dev\vendor\codeigniter4\framework\system\Boot.php(363): CodeIgniter\CodeIgniter->run()
#10 C:\xampp\htdocs\Proyect_Appforrajes_dev\vendor\codeigniter4\framework\system\Boot.php(68): CodeIgniter\Boot::runCodeIgniter(Object(CodeIgniter\CodeIgniter))
#11 C:\xampp\htdocs\Proyect_Appforrajes_dev\public\index.php(59): CodeIgniter\Boot::bootWeb(Object(Config\Paths))
#12 {main}
CRITICAL - 2026-01-29 14:23:35 --> CodeIgniter\Database\Exceptions\DatabaseException: Table 'appforrajes.tbl_rel_productocaducidad' doesn't exist
[Method: GET, Route: gestion_mercancia_promociones/productos]
in SYSTEMPATH\Database\BaseConnection.php on line 684.
 1 SYSTEMPATH\Database\BaseBuilder.php(1649): CodeIgniter\Database\BaseConnection->query('SELECT `dp`.`detalleproductoId`, `dp`.`productoId`, `p`.`producto_Nombre`, `tp`.`tipoproducto_Nombre`, `dp`.`detalleproducto_PrecioVenta` AS `precioBase`, `dp`.`detalleproducto_Cantidad` AS `stock`, `cad`.`dias`, `promo`.`promoTipo`, `promo`.`promoMonto`
FROM `tbl_ope_detalleproducto` `dp`
INNER JOIN `tbl_ope_producto` `p` ON `p`.`productoId` = `dp`.`productoId`
LEFT JOIN `tbl_cat_tipoproducto` `tp` ON `tp`.`tipoproductoId` = `dp`.`tipoproductoId`
LEFT JOIN (SELECT `pc`.`detalleproductoId`, MIN(DATEDIFF(pc.productocaducidad_FechaCaducidad, CURDATE())) AS dias
FROM `tbl_rel_productocaducidad` `pc`
WHERE `pc`.`productocaducidad_Activo` = 1
GROUP BY `pc`.`detalleproductoId`) cad ON cad.detalleproductoId = dp.detalleproductoId
LEFT JOIN (SELECT `rpp`.`detalleproductoId`, `pd`.`promocionesdescuentos_Tipo` AS `promoTipo`, `pd`.`promocionesdescuentos_Monto` AS `promoMonto`
FROM `tbl_rel_producto_promocion` `rpp`
INNER JOIN `tbl_cat_promociondescuentos` `pd` ON `pd`.`promocionesdescuentosId` = `rpp`.`promocionesdescuentosId`
WHERE `rpp`.`productopromocion_Activo` = 1
AND `pd`.`promocionesdescuentos_Activo` = 1) promo ON promo.detalleproductoId = dp.detalleproductoId
WHERE `dp`.`detalleproducto_Activo` = :dp.detalleproducto_Activo:
AND `p`.`producto_Activo` = :p.producto_Activo:
ORDER BY `cad`.`dias` ASC', [...], false)
 2 APPPATH\Controllers\GestionPromocionesProductosController.php(74): CodeIgniter\Database\BaseBuilder->get()
 3 APPPATH\Controllers\GestionPromocionesProductosController.php(26): App\Controllers\GestionPromocionesProductosController->getInventarioSemaforo()
 4 SYSTEMPATH\CodeIgniter.php(933): App\Controllers\GestionPromocionesProductosController->Index()
 5 SYSTEMPATH\CodeIgniter.php(507): CodeIgniter\CodeIgniter->runController(Object(App\Controllers\GestionPromocionesProductosController))
 6 SYSTEMPATH\CodeIgniter.php(354): CodeIgniter\CodeIgniter->handleRequest(null, Object(Config\Cache), false)
 7 SYSTEMPATH\Boot.php(363): CodeIgniter\CodeIgniter->run()
 8 SYSTEMPATH\Boot.php(68): CodeIgniter\Boot::runCodeIgniter(Object(CodeIgniter\CodeIgniter))
 9 FCPATH\index.php(59): CodeIgniter\Boot::bootWeb(Object(Config\Paths))
CRITICAL - 2026-01-29 14:23:35 --> [Caused by] CodeIgniter\Database\Exceptions\DatabaseException: Table 'appforrajes.tbl_rel_productocaducidad' doesn't exist
in SYSTEMPATH\Database\MySQLi\Connection.php on line 332.
 1 SYSTEMPATH\Database\BaseConnection.php(729): CodeIgniter\Database\MySQLi\Connection->execute('SELECT `dp`.`detalleproductoId`, `dp`.`productoId`, `p`.`producto_Nombre`, `tp`.`tipoproducto_Nombre`, `dp`.`detalleproducto_PrecioVenta` AS `precioBase`, `dp`.`detalleproducto_Cantidad` AS `stock`, `cad`.`dias`, `promo`.`promoTipo`, `promo`.`promoMonto`
FROM `tbl_ope_detalleproducto` `dp`
INNER JOIN `tbl_ope_producto` `p` ON `p`.`productoId` = `dp`.`productoId`
LEFT JOIN `tbl_cat_tipoproducto` `tp` ON `tp`.`tipoproductoId` = `dp`.`tipoproductoId`
LEFT JOIN (SELECT `pc`.`detalleproductoId`, MIN(DATEDIFF(pc.productocaducidad_FechaCaducidad, CURDATE())) AS dias
FROM `tbl_rel_productocaducidad` `pc`
WHERE `pc`.`productocaducidad_Activo` = 1
GROUP BY `pc`.`detalleproductoId`) cad ON cad.detalleproductoId = dp.detalleproductoId
LEFT JOIN (SELECT `rpp`.`detalleproductoId`, `pd`.`promocionesdescuentos_Tipo` AS `promoTipo`, `pd`.`promocionesdescuentos_Monto` AS `promoMonto`
FROM `tbl_rel_producto_promocion` `rpp`
INNER JOIN `tbl_cat_promociondescuentos` `pd` ON `pd`.`promocionesdescuentosId` = `rpp`.`promocionesdescuentosId`
WHERE `rpp`.`productopromocion_Activo` = 1
AND `pd`.`promocionesdescuentos_Activo` = 1) promo ON promo.detalleproductoId = dp.detalleproductoId
WHERE `dp`.`detalleproducto_Activo` = 1
AND `p`.`producto_Activo` = 1
ORDER BY `cad`.`dias` ASC')
 2 SYSTEMPATH\Database\BaseConnection.php(646): CodeIgniter\Database\BaseConnection->simpleQuery('SELECT `dp`.`detalleproductoId`, `dp`.`productoId`, `p`.`producto_Nombre`, `tp`.`tipoproducto_Nombre`, `dp`.`detalleproducto_PrecioVenta` AS `precioBase`, `dp`.`detalleproducto_Cantidad` AS `stock`, `cad`.`dias`, `promo`.`promoTipo`, `promo`.`promoMonto`
FROM `tbl_ope_detalleproducto` `dp`
INNER JOIN `tbl_ope_producto` `p` ON `p`.`productoId` = `dp`.`productoId`
LEFT JOIN `tbl_cat_tipoproducto` `tp` ON `tp`.`tipoproductoId` = `dp`.`tipoproductoId`
LEFT JOIN (SELECT `pc`.`detalleproductoId`, MIN(DATEDIFF(pc.productocaducidad_FechaCaducidad, CURDATE())) AS dias
FROM `tbl_rel_productocaducidad` `pc`
WHERE `pc`.`productocaducidad_Activo` = 1
GROUP BY `pc`.`detalleproductoId`) cad ON cad.detalleproductoId = dp.detalleproductoId
LEFT JOIN (SELECT `rpp`.`detalleproductoId`, `pd`.`promocionesdescuentos_Tipo` AS `promoTipo`, `pd`.`promocionesdescuentos_Monto` AS `promoMonto`
FROM `tbl_rel_producto_promocion` `rpp`
INNER JOIN `tbl_cat_promociondescuentos` `pd` ON `pd`.`promocionesdescuentosId` = `rpp`.`promocionesdescuentosId`
WHERE `rpp`.`productopromocion_Activo` = 1
AND `pd`.`promocionesdescuentos_Activo` = 1) promo ON promo.detalleproductoId = dp.detalleproductoId
WHERE `dp`.`detalleproducto_Activo` = 1
AND `p`.`producto_Activo` = 1
ORDER BY `cad`.`dias` ASC')
 3 SYSTEMPATH\Database\BaseBuilder.php(1649): CodeIgniter\Database\BaseConnection->query('SELECT `dp`.`detalleproductoId`, `dp`.`productoId`, `p`.`producto_Nombre`, `tp`.`tipoproducto_Nombre`, `dp`.`detalleproducto_PrecioVenta` AS `precioBase`, `dp`.`detalleproducto_Cantidad` AS `stock`, `cad`.`dias`, `promo`.`promoTipo`, `promo`.`promoMonto`
FROM `tbl_ope_detalleproducto` `dp`
INNER JOIN `tbl_ope_producto` `p` ON `p`.`productoId` = `dp`.`productoId`
LEFT JOIN `tbl_cat_tipoproducto` `tp` ON `tp`.`tipoproductoId` = `dp`.`tipoproductoId`
LEFT JOIN (SELECT `pc`.`detalleproductoId`, MIN(DATEDIFF(pc.productocaducidad_FechaCaducidad, CURDATE())) AS dias
FROM `tbl_rel_productocaducidad` `pc`
WHERE `pc`.`productocaducidad_Activo` = 1
GROUP BY `pc`.`detalleproductoId`) cad ON cad.detalleproductoId = dp.detalleproductoId
LEFT JOIN (SELECT `rpp`.`detalleproductoId`, `pd`.`promocionesdescuentos_Tipo` AS `promoTipo`, `pd`.`promocionesdescuentos_Monto` AS `promoMonto`
FROM `tbl_rel_producto_promocion` `rpp`
INNER JOIN `tbl_cat_promociondescuentos` `pd` ON `pd`.`promocionesdescuentosId` = `rpp`.`promocionesdescuentosId`
WHERE `rpp`.`productopromocion_Activo` = 1
AND `pd`.`promocionesdescuentos_Activo` = 1) promo ON promo.detalleproductoId = dp.detalleproductoId
WHERE `dp`.`detalleproducto_Activo` = :dp.detalleproducto_Activo:
AND `p`.`producto_Activo` = :p.producto_Activo:
ORDER BY `cad`.`dias` ASC', [...], false)
 4 APPPATH\Controllers\GestionPromocionesProductosController.php(74): CodeIgniter\Database\BaseBuilder->get()
 5 APPPATH\Controllers\GestionPromocionesProductosController.php(26): App\Controllers\GestionPromocionesProductosController->getInventarioSemaforo()
 6 SYSTEMPATH\CodeIgniter.php(933): App\Controllers\GestionPromocionesProductosController->Index()
 7 SYSTEMPATH\CodeIgniter.php(507): CodeIgniter\CodeIgniter->runController(Object(App\Controllers\GestionPromocionesProductosController))
 8 SYSTEMPATH\CodeIgniter.php(354): CodeIgniter\CodeIgniter->handleRequest(null, Object(Config\Cache), false)
 9 SYSTEMPATH\Boot.php(363): CodeIgniter\CodeIgniter->run()
10 SYSTEMPATH\Boot.php(68): CodeIgniter\Boot::runCodeIgniter(Object(CodeIgniter\CodeIgniter))
11 FCPATH\index.php(59): CodeIgniter\Boot::bootWeb(Object(Config\Paths))
CRITICAL - 2026-01-29 14:23:35 --> [Caused by] mysqli_sql_exception: Table 'appforrajes.tbl_rel_productocaducidad' doesn't exist
in SYSTEMPATH\Database\MySQLi\Connection.php on line 327.
 1 SYSTEMPATH\Database\MySQLi\Connection.php(327): mysqli->query('SELECT `dp`.`detalleproductoId`, `dp`.`productoId`, `p`.`producto_Nombre`, `tp`.`tipoproducto_Nombre`, `dp`.`detalleproducto_PrecioVenta` AS `precioBase`, `dp`.`detalleproducto_Cantidad` AS `stock`, `cad`.`dias`, `promo`.`promoTipo`, `promo`.`promoMonto`
FROM `tbl_ope_detalleproducto` `dp`
INNER JOIN `tbl_ope_producto` `p` ON `p`.`productoId` = `dp`.`productoId`
LEFT JOIN `tbl_cat_tipoproducto` `tp` ON `tp`.`tipoproductoId` = `dp`.`tipoproductoId`
LEFT JOIN (SELECT `pc`.`detalleproductoId`, MIN(DATEDIFF(pc.productocaducidad_FechaCaducidad, CURDATE())) AS dias
FROM `tbl_rel_productocaducidad` `pc`
WHERE `pc`.`productocaducidad_Activo` = 1
GROUP BY `pc`.`detalleproductoId`) cad ON cad.detalleproductoId = dp.detalleproductoId
LEFT JOIN (SELECT `rpp`.`detalleproductoId`, `pd`.`promocionesdescuentos_Tipo` AS `promoTipo`, `pd`.`promocionesdescuentos_Monto` AS `promoMonto`
FROM `tbl_rel_producto_promocion` `rpp`
INNER JOIN `tbl_cat_promociondescuentos` `pd` ON `pd`.`promocionesdescuentosId` = `rpp`.`promocionesdescuentosId`
WHERE `rpp`.`productopromocion_Activo` = 1
AND `pd`.`promocionesdescuentos_Activo` = 1) promo ON promo.detalleproductoId = dp.detalleproductoId
WHERE `dp`.`detalleproducto_Activo` = 1
AND `p`.`producto_Activo` = 1
ORDER BY `cad`.`dias` ASC', 0)
 2 SYSTEMPATH\Database\BaseConnection.php(729): CodeIgniter\Database\MySQLi\Connection->execute('SELECT `dp`.`detalleproductoId`, `dp`.`productoId`, `p`.`producto_Nombre`, `tp`.`tipoproducto_Nombre`, `dp`.`detalleproducto_PrecioVenta` AS `precioBase`, `dp`.`detalleproducto_Cantidad` AS `stock`, `cad`.`dias`, `promo`.`promoTipo`, `promo`.`promoMonto`
FROM `tbl_ope_detalleproducto` `dp`
INNER JOIN `tbl_ope_producto` `p` ON `p`.`productoId` = `dp`.`productoId`
LEFT JOIN `tbl_cat_tipoproducto` `tp` ON `tp`.`tipoproductoId` = `dp`.`tipoproductoId`
LEFT JOIN (SELECT `pc`.`detalleproductoId`, MIN(DATEDIFF(pc.productocaducidad_FechaCaducidad, CURDATE())) AS dias
FROM `tbl_rel_productocaducidad` `pc`
WHERE `pc`.`productocaducidad_Activo` = 1
GROUP BY `pc`.`detalleproductoId`) cad ON cad.detalleproductoId = dp.detalleproductoId
LEFT JOIN (SELECT `rpp`.`detalleproductoId`, `pd`.`promocionesdescuentos_Tipo` AS `promoTipo`, `pd`.`promocionesdescuentos_Monto` AS `promoMonto`
FROM `tbl_rel_producto_promocion` `rpp`
INNER JOIN `tbl_cat_promociondescuentos` `pd` ON `pd`.`promocionesdescuentosId` = `rpp`.`promocionesdescuentosId`
WHERE `rpp`.`productopromocion_Activo` = 1
AND `pd`.`promocionesdescuentos_Activo` = 1) promo ON promo.detalleproductoId = dp.detalleproductoId
WHERE `dp`.`detalleproducto_Activo` = 1
AND `p`.`producto_Activo` = 1
ORDER BY `cad`.`dias` ASC')
 3 SYSTEMPATH\Database\BaseConnection.php(646): CodeIgniter\Database\BaseConnection->simpleQuery('SELECT `dp`.`detalleproductoId`, `dp`.`productoId`, `p`.`producto_Nombre`, `tp`.`tipoproducto_Nombre`, `dp`.`detalleproducto_PrecioVenta` AS `precioBase`, `dp`.`detalleproducto_Cantidad` AS `stock`, `cad`.`dias`, `promo`.`promoTipo`, `promo`.`promoMonto`
FROM `tbl_ope_detalleproducto` `dp`
INNER JOIN `tbl_ope_producto` `p` ON `p`.`productoId` = `dp`.`productoId`
LEFT JOIN `tbl_cat_tipoproducto` `tp` ON `tp`.`tipoproductoId` = `dp`.`tipoproductoId`
LEFT JOIN (SELECT `pc`.`detalleproductoId`, MIN(DATEDIFF(pc.productocaducidad_FechaCaducidad, CURDATE())) AS dias
FROM `tbl_rel_productocaducidad` `pc`
WHERE `pc`.`productocaducidad_Activo` = 1
GROUP BY `pc`.`detalleproductoId`) cad ON cad.detalleproductoId = dp.detalleproductoId
LEFT JOIN (SELECT `rpp`.`detalleproductoId`, `pd`.`promocionesdescuentos_Tipo` AS `promoTipo`, `pd`.`promocionesdescuentos_Monto` AS `promoMonto`
FROM `tbl_rel_producto_promocion` `rpp`
INNER JOIN `tbl_cat_promociondescuentos` `pd` ON `pd`.`promocionesdescuentosId` = `rpp`.`promocionesdescuentosId`
WHERE `rpp`.`productopromocion_Activo` = 1
AND `pd`.`promocionesdescuentos_Activo` = 1) promo ON promo.detalleproductoId = dp.detalleproductoId
WHERE `dp`.`detalleproducto_Activo` = 1
AND `p`.`producto_Activo` = 1
ORDER BY `cad`.`dias` ASC')
 4 SYSTEMPATH\Database\BaseBuilder.php(1649): CodeIgniter\Database\BaseConnection->query('SELECT `dp`.`detalleproductoId`, `dp`.`productoId`, `p`.`producto_Nombre`, `tp`.`tipoproducto_Nombre`, `dp`.`detalleproducto_PrecioVenta` AS `precioBase`, `dp`.`detalleproducto_Cantidad` AS `stock`, `cad`.`dias`, `promo`.`promoTipo`, `promo`.`promoMonto`
FROM `tbl_ope_detalleproducto` `dp`
INNER JOIN `tbl_ope_producto` `p` ON `p`.`productoId` = `dp`.`productoId`
LEFT JOIN `tbl_cat_tipoproducto` `tp` ON `tp`.`tipoproductoId` = `dp`.`tipoproductoId`
LEFT JOIN (SELECT `pc`.`detalleproductoId`, MIN(DATEDIFF(pc.productocaducidad_FechaCaducidad, CURDATE())) AS dias
FROM `tbl_rel_productocaducidad` `pc`
WHERE `pc`.`productocaducidad_Activo` = 1
GROUP BY `pc`.`detalleproductoId`) cad ON cad.detalleproductoId = dp.detalleproductoId
LEFT JOIN (SELECT `rpp`.`detalleproductoId`, `pd`.`promocionesdescuentos_Tipo` AS `promoTipo`, `pd`.`promocionesdescuentos_Monto` AS `promoMonto`
FROM `tbl_rel_producto_promocion` `rpp`
INNER JOIN `tbl_cat_promociondescuentos` `pd` ON `pd`.`promocionesdescuentosId` = `rpp`.`promocionesdescuentosId`
WHERE `rpp`.`productopromocion_Activo` = 1
AND `pd`.`promocionesdescuentos_Activo` = 1) promo ON promo.detalleproductoId = dp.detalleproductoId
WHERE `dp`.`detalleproducto_Activo` = :dp.detalleproducto_Activo:
AND `p`.`producto_Activo` = :p.producto_Activo:
ORDER BY `cad`.`dias` ASC', [...], false)
 5 APPPATH\Controllers\GestionPromocionesProductosController.php(74): CodeIgniter\Database\BaseBuilder->get()
 6 APPPATH\Controllers\GestionPromocionesProductosController.php(26): App\Controllers\GestionPromocionesProductosController->getInventarioSemaforo()
 7 SYSTEMPATH\CodeIgniter.php(933): App\Controllers\GestionPromocionesProductosController->Index()
 8 SYSTEMPATH\CodeIgniter.php(507): CodeIgniter\CodeIgniter->runController(Object(App\Controllers\GestionPromocionesProductosController))
 9 SYSTEMPATH\CodeIgniter.php(354): CodeIgniter\CodeIgniter->handleRequest(null, Object(Config\Cache), false)
10 SYSTEMPATH\Boot.php(363): CodeIgniter\CodeIgniter->run()
11 SYSTEMPATH\Boot.php(68): CodeIgniter\Boot::runCodeIgniter(Object(CodeIgniter\CodeIgniter))
12 FCPATH\index.php(59): CodeIgniter\Boot::bootWeb(Object(Config\Paths))
DEBUG - 2026-01-29 14:29:22 --> Session: Class initialized using 'CodeIgniter\Session\Handlers\FileHandler' driver.
ERROR - 2026-01-29 14:29:22 --> mysqli_sql_exception: Table 'appforrajes.tbl_rel_producto_promocion' doesn't exist in C:\xampp\htdocs\Proyect_Appforrajes_dev\vendor\codeigniter4\framework\system\Database\MySQLi\Connection.php:327
Stack trace:
#0 C:\xampp\htdocs\Proyect_Appforrajes_dev\vendor\codeigniter4\framework\system\Database\MySQLi\Connection.php(327): mysqli->query('SELECT `dp`.`de...', 0)
#1 C:\xampp\htdocs\Proyect_Appforrajes_dev\vendor\codeigniter4\framework\system\Database\BaseConnection.php(729): CodeIgniter\Database\MySQLi\Connection->execute('SELECT `dp`.`de...')
#2 C:\xampp\htdocs\Proyect_Appforrajes_dev\vendor\codeigniter4\framework\system\Database\BaseConnection.php(646): CodeIgniter\Database\BaseConnection->simpleQuery('SELECT `dp`.`de...')
#3 C:\xampp\htdocs\Proyect_Appforrajes_dev\vendor\codeigniter4\framework\system\Database\BaseBuilder.php(1649): CodeIgniter\Database\BaseConnection->query('SELECT `dp`.`de...', Array, false)
#4 C:\xampp\htdocs\Proyect_Appforrajes_dev\app\Controllers\GestionPromocionesProductosController.php(74): CodeIgniter\Database\BaseBuilder->get()
#5 C:\xampp\htdocs\Proyect_Appforrajes_dev\app\Controllers\GestionPromocionesProductosController.php(26): App\Controllers\GestionPromocionesProductosController->getInventarioSemaforo()
#6 C:\xampp\htdocs\Proyect_Appforrajes_dev\vendor\codeigniter4\framework\system\CodeIgniter.php(933): App\Controllers\GestionPromocionesProductosController->Index()
#7 C:\xampp\htdocs\Proyect_Appforrajes_dev\vendor\codeigniter4\framework\system\CodeIgniter.php(507): CodeIgniter\CodeIgniter->runController(Object(App\Controllers\GestionPromocionesProductosController))
#8 C:\xampp\htdocs\Proyect_Appforrajes_dev\vendor\codeigniter4\framework\system\CodeIgniter.php(354): CodeIgniter\CodeIgniter->handleRequest(NULL, Object(Config\Cache), false)
#9 C:\xampp\htdocs\Proyect_Appforrajes_dev\vendor\codeigniter4\framework\system\Boot.php(363): CodeIgniter\CodeIgniter->run()
#10 C:\xampp\htdocs\Proyect_Appforrajes_dev\vendor\codeigniter4\framework\system\Boot.php(68): CodeIgniter\Boot::runCodeIgniter(Object(CodeIgniter\CodeIgniter))
#11 C:\xampp\htdocs\Proyect_Appforrajes_dev\public\index.php(59): CodeIgniter\Boot::bootWeb(Object(Config\Paths))
#12 {main}
CRITICAL - 2026-01-29 14:29:22 --> CodeIgniter\Database\Exceptions\DatabaseException: Table 'appforrajes.tbl_rel_producto_promocion' doesn't exist
[Method: GET, Route: gestion_mercancia_promociones/productos]
in SYSTEMPATH\Database\BaseConnection.php on line 684.
 1 SYSTEMPATH\Database\BaseBuilder.php(1649): CodeIgniter\Database\BaseConnection->query('SELECT `dp`.`detalleproductoId`, `dp`.`productoId`, `p`.`producto_Nombre`, `tp`.`tipoproducto_Nombre`, `dp`.`detalleproducto_PrecioVenta` AS `precioBase`, `dp`.`detalleproducto_Cantidad` AS `stock`, `cad`.`dias`, `promo`.`promoTipo`, `promo`.`promoMonto`
FROM `tbl_ope_detalleproducto` `dp`
INNER JOIN `tbl_ope_producto` `p` ON `p`.`productoId` = `dp`.`productoId`
LEFT JOIN `tbl_cat_tipoproducto` `tp` ON `tp`.`tipoproductoId` = `dp`.`tipoproductoId`
LEFT JOIN (SELECT `pc`.`detalleproductoId`, MIN(DATEDIFF(pc.productocaducidad_FechaCaducidad, CURDATE())) AS dias
FROM `tbl_rel_productocaducidad` `pc`
WHERE `pc`.`productocaducidad_Activo` = 1
GROUP BY `pc`.`detalleproductoId`) cad ON cad.detalleproductoId = dp.detalleproductoId
LEFT JOIN (SELECT `rpp`.`detalleproductoId`, `pd`.`promocionesdescuentos_Tipo` AS `promoTipo`, `pd`.`promocionesdescuentos_Monto` AS `promoMonto`
FROM `tbl_rel_producto_promocion` `rpp`
INNER JOIN `tbl_cat_promociondescuentos` `pd` ON `pd`.`promocionesdescuentosId` = `rpp`.`promocionesdescuentosId`
WHERE `rpp`.`productopromocion_Activo` = 1
AND `pd`.`promocionesdescuentos_Activo` = 1) promo ON promo.detalleproductoId = dp.detalleproductoId
WHERE `dp`.`detalleproducto_Activo` = :dp.detalleproducto_Activo:
AND `p`.`producto_Activo` = :p.producto_Activo:
ORDER BY `cad`.`dias` ASC', [...], false)
 2 APPPATH\Controllers\GestionPromocionesProductosController.php(74): CodeIgniter\Database\BaseBuilder->get()
 3 APPPATH\Controllers\GestionPromocionesProductosController.php(26): App\Controllers\GestionPromocionesProductosController->getInventarioSemaforo()
 4 SYSTEMPATH\CodeIgniter.php(933): App\Controllers\GestionPromocionesProductosController->Index()
 5 SYSTEMPATH\CodeIgniter.php(507): CodeIgniter\CodeIgniter->runController(Object(App\Controllers\GestionPromocionesProductosController))
 6 SYSTEMPATH\CodeIgniter.php(354): CodeIgniter\CodeIgniter->handleRequest(null, Object(Config\Cache), false)
 7 SYSTEMPATH\Boot.php(363): CodeIgniter\CodeIgniter->run()
 8 SYSTEMPATH\Boot.php(68): CodeIgniter\Boot::runCodeIgniter(Object(CodeIgniter\CodeIgniter))
 9 FCPATH\index.php(59): CodeIgniter\Boot::bootWeb(Object(Config\Paths))
CRITICAL - 2026-01-29 14:29:22 --> [Caused by] CodeIgniter\Database\Exceptions\DatabaseException: Table 'appforrajes.tbl_rel_producto_promocion' doesn't exist
in SYSTEMPATH\Database\MySQLi\Connection.php on line 332.
 1 SYSTEMPATH\Database\BaseConnection.php(729): CodeIgniter\Database\MySQLi\Connection->execute('SELECT `dp`.`detalleproductoId`, `dp`.`productoId`, `p`.`producto_Nombre`, `tp`.`tipoproducto_Nombre`, `dp`.`detalleproducto_PrecioVenta` AS `precioBase`, `dp`.`detalleproducto_Cantidad` AS `stock`, `cad`.`dias`, `promo`.`promoTipo`, `promo`.`promoMonto`
FROM `tbl_ope_detalleproducto` `dp`
INNER JOIN `tbl_ope_producto` `p` ON `p`.`productoId` = `dp`.`productoId`
LEFT JOIN `tbl_cat_tipoproducto` `tp` ON `tp`.`tipoproductoId` = `dp`.`tipoproductoId`
LEFT JOIN (SELECT `pc`.`detalleproductoId`, MIN(DATEDIFF(pc.productocaducidad_FechaCaducidad, CURDATE())) AS dias
FROM `tbl_rel_productocaducidad` `pc`
WHERE `pc`.`productocaducidad_Activo` = 1
GROUP BY `pc`.`detalleproductoId`) cad ON cad.detalleproductoId = dp.detalleproductoId
LEFT JOIN (SELECT `rpp`.`detalleproductoId`, `pd`.`promocionesdescuentos_Tipo` AS `promoTipo`, `pd`.`promocionesdescuentos_Monto` AS `promoMonto`
FROM `tbl_rel_producto_promocion` `rpp`
INNER JOIN `tbl_cat_promociondescuentos` `pd` ON `pd`.`promocionesdescuentosId` = `rpp`.`promocionesdescuentosId`
WHERE `rpp`.`productopromocion_Activo` = 1
AND `pd`.`promocionesdescuentos_Activo` = 1) promo ON promo.detalleproductoId = dp.detalleproductoId
WHERE `dp`.`detalleproducto_Activo` = 1
AND `p`.`producto_Activo` = 1
ORDER BY `cad`.`dias` ASC')
 2 SYSTEMPATH\Database\BaseConnection.php(646): CodeIgniter\Database\BaseConnection->simpleQuery('SELECT `dp`.`detalleproductoId`, `dp`.`productoId`, `p`.`producto_Nombre`, `tp`.`tipoproducto_Nombre`, `dp`.`detalleproducto_PrecioVenta` AS `precioBase`, `dp`.`detalleproducto_Cantidad` AS `stock`, `cad`.`dias`, `promo`.`promoTipo`, `promo`.`promoMonto`
FROM `tbl_ope_detalleproducto` `dp`
INNER JOIN `tbl_ope_producto` `p` ON `p`.`productoId` = `dp`.`productoId`
LEFT JOIN `tbl_cat_tipoproducto` `tp` ON `tp`.`tipoproductoId` = `dp`.`tipoproductoId`
LEFT JOIN (SELECT `pc`.`detalleproductoId`, MIN(DATEDIFF(pc.productocaducidad_FechaCaducidad, CURDATE())) AS dias
FROM `tbl_rel_productocaducidad` `pc`
WHERE `pc`.`productocaducidad_Activo` = 1
GROUP BY `pc`.`detalleproductoId`) cad ON cad.detalleproductoId = dp.detalleproductoId
LEFT JOIN (SELECT `rpp`.`detalleproductoId`, `pd`.`promocionesdescuentos_Tipo` AS `promoTipo`, `pd`.`promocionesdescuentos_Monto` AS `promoMonto`
FROM `tbl_rel_producto_promocion` `rpp`
INNER JOIN `tbl_cat_promociondescuentos` `pd` ON `pd`.`promocionesdescuentosId` = `rpp`.`promocionesdescuentosId`
WHERE `rpp`.`productopromocion_Activo` = 1
AND `pd`.`promocionesdescuentos_Activo` = 1) promo ON promo.detalleproductoId = dp.detalleproductoId
WHERE `dp`.`detalleproducto_Activo` = 1
AND `p`.`producto_Activo` = 1
ORDER BY `cad`.`dias` ASC')
 3 SYSTEMPATH\Database\BaseBuilder.php(1649): CodeIgniter\Database\BaseConnection->query('SELECT `dp`.`detalleproductoId`, `dp`.`productoId`, `p`.`producto_Nombre`, `tp`.`tipoproducto_Nombre`, `dp`.`detalleproducto_PrecioVenta` AS `precioBase`, `dp`.`detalleproducto_Cantidad` AS `stock`, `cad`.`dias`, `promo`.`promoTipo`, `promo`.`promoMonto`
FROM `tbl_ope_detalleproducto` `dp`
INNER JOIN `tbl_ope_producto` `p` ON `p`.`productoId` = `dp`.`productoId`
LEFT JOIN `tbl_cat_tipoproducto` `tp` ON `tp`.`tipoproductoId` = `dp`.`tipoproductoId`
LEFT JOIN (SELECT `pc`.`detalleproductoId`, MIN(DATEDIFF(pc.productocaducidad_FechaCaducidad, CURDATE())) AS dias
FROM `tbl_rel_productocaducidad` `pc`
WHERE `pc`.`productocaducidad_Activo` = 1
GROUP BY `pc`.`detalleproductoId`) cad ON cad.detalleproductoId = dp.detalleproductoId
LEFT JOIN (SELECT `rpp`.`detalleproductoId`, `pd`.`promocionesdescuentos_Tipo` AS `promoTipo`, `pd`.`promocionesdescuentos_Monto` AS `promoMonto`
FROM `tbl_rel_producto_promocion` `rpp`
INNER JOIN `tbl_cat_promociondescuentos` `pd` ON `pd`.`promocionesdescuentosId` = `rpp`.`promocionesdescuentosId`
WHERE `rpp`.`productopromocion_Activo` = 1
AND `pd`.`promocionesdescuentos_Activo` = 1) promo ON promo.detalleproductoId = dp.detalleproductoId
WHERE `dp`.`detalleproducto_Activo` = :dp.detalleproducto_Activo:
AND `p`.`producto_Activo` = :p.producto_Activo:
ORDER BY `cad`.`dias` ASC', [...], false)
 4 APPPATH\Controllers\GestionPromocionesProductosController.php(74): CodeIgniter\Database\BaseBuilder->get()
 5 APPPATH\Controllers\GestionPromocionesProductosController.php(26): App\Controllers\GestionPromocionesProductosController->getInventarioSemaforo()
 6 SYSTEMPATH\CodeIgniter.php(933): App\Controllers\GestionPromocionesProductosController->Index()
 7 SYSTEMPATH\CodeIgniter.php(507): CodeIgniter\CodeIgniter->runController(Object(App\Controllers\GestionPromocionesProductosController))
 8 SYSTEMPATH\CodeIgniter.php(354): CodeIgniter\CodeIgniter->handleRequest(null, Object(Config\Cache), false)
 9 SYSTEMPATH\Boot.php(363): CodeIgniter\CodeIgniter->run()
10 SYSTEMPATH\Boot.php(68): CodeIgniter\Boot::runCodeIgniter(Object(CodeIgniter\CodeIgniter))
11 FCPATH\index.php(59): CodeIgniter\Boot::bootWeb(Object(Config\Paths))
CRITICAL - 2026-01-29 14:29:22 --> [Caused by] mysqli_sql_exception: Table 'appforrajes.tbl_rel_producto_promocion' doesn't exist
in SYSTEMPATH\Database\MySQLi\Connection.php on line 327.
 1 SYSTEMPATH\Database\MySQLi\Connection.php(327): mysqli->query('SELECT `dp`.`detalleproductoId`, `dp`.`productoId`, `p`.`producto_Nombre`, `tp`.`tipoproducto_Nombre`, `dp`.`detalleproducto_PrecioVenta` AS `precioBase`, `dp`.`detalleproducto_Cantidad` AS `stock`, `cad`.`dias`, `promo`.`promoTipo`, `promo`.`promoMonto`
FROM `tbl_ope_detalleproducto` `dp`
INNER JOIN `tbl_ope_producto` `p` ON `p`.`productoId` = `dp`.`productoId`
LEFT JOIN `tbl_cat_tipoproducto` `tp` ON `tp`.`tipoproductoId` = `dp`.`tipoproductoId`
LEFT JOIN (SELECT `pc`.`detalleproductoId`, MIN(DATEDIFF(pc.productocaducidad_FechaCaducidad, CURDATE())) AS dias
FROM `tbl_rel_productocaducidad` `pc`
WHERE `pc`.`productocaducidad_Activo` = 1
GROUP BY `pc`.`detalleproductoId`) cad ON cad.detalleproductoId = dp.detalleproductoId
LEFT JOIN (SELECT `rpp`.`detalleproductoId`, `pd`.`promocionesdescuentos_Tipo` AS `promoTipo`, `pd`.`promocionesdescuentos_Monto` AS `promoMonto`
FROM `tbl_rel_producto_promocion` `rpp`
INNER JOIN `tbl_cat_promociondescuentos` `pd` ON `pd`.`promocionesdescuentosId` = `rpp`.`promocionesdescuentosId`
WHERE `rpp`.`productopromocion_Activo` = 1
AND `pd`.`promocionesdescuentos_Activo` = 1) promo ON promo.detalleproductoId = dp.detalleproductoId
WHERE `dp`.`detalleproducto_Activo` = 1
AND `p`.`producto_Activo` = 1
ORDER BY `cad`.`dias` ASC', 0)
 2 SYSTEMPATH\Database\BaseConnection.php(729): CodeIgniter\Database\MySQLi\Connection->execute('SELECT `dp`.`detalleproductoId`, `dp`.`productoId`, `p`.`producto_Nombre`, `tp`.`tipoproducto_Nombre`, `dp`.`detalleproducto_PrecioVenta` AS `precioBase`, `dp`.`detalleproducto_Cantidad` AS `stock`, `cad`.`dias`, `promo`.`promoTipo`, `promo`.`promoMonto`
FROM `tbl_ope_detalleproducto` `dp`
INNER JOIN `tbl_ope_producto` `p` ON `p`.`productoId` = `dp`.`productoId`
LEFT JOIN `tbl_cat_tipoproducto` `tp` ON `tp`.`tipoproductoId` = `dp`.`tipoproductoId`
LEFT JOIN (SELECT `pc`.`detalleproductoId`, MIN(DATEDIFF(pc.productocaducidad_FechaCaducidad, CURDATE())) AS dias
FROM `tbl_rel_productocaducidad` `pc`
WHERE `pc`.`productocaducidad_Activo` = 1
GROUP BY `pc`.`detalleproductoId`) cad ON cad.detalleproductoId = dp.detalleproductoId
LEFT JOIN (SELECT `rpp`.`detalleproductoId`, `pd`.`promocionesdescuentos_Tipo` AS `promoTipo`, `pd`.`promocionesdescuentos_Monto` AS `promoMonto`
FROM `tbl_rel_producto_promocion` `rpp`
INNER JOIN `tbl_cat_promociondescuentos` `pd` ON `pd`.`promocionesdescuentosId` = `rpp`.`promocionesdescuentosId`
WHERE `rpp`.`productopromocion_Activo` = 1
AND `pd`.`promocionesdescuentos_Activo` = 1) promo ON promo.detalleproductoId = dp.detalleproductoId
WHERE `dp`.`detalleproducto_Activo` = 1
AND `p`.`producto_Activo` = 1
ORDER BY `cad`.`dias` ASC')
 3 SYSTEMPATH\Database\BaseConnection.php(646): CodeIgniter\Database\BaseConnection->simpleQuery('SELECT `dp`.`detalleproductoId`, `dp`.`productoId`, `p`.`producto_Nombre`, `tp`.`tipoproducto_Nombre`, `dp`.`detalleproducto_PrecioVenta` AS `precioBase`, `dp`.`detalleproducto_Cantidad` AS `stock`, `cad`.`dias`, `promo`.`promoTipo`, `promo`.`promoMonto`
FROM `tbl_ope_detalleproducto` `dp`
INNER JOIN `tbl_ope_producto` `p` ON `p`.`productoId` = `dp`.`productoId`
LEFT JOIN `tbl_cat_tipoproducto` `tp` ON `tp`.`tipoproductoId` = `dp`.`tipoproductoId`
LEFT JOIN (SELECT `pc`.`detalleproductoId`, MIN(DATEDIFF(pc.productocaducidad_FechaCaducidad, CURDATE())) AS dias
FROM `tbl_rel_productocaducidad` `pc`
WHERE `pc`.`productocaducidad_Activo` = 1
GROUP BY `pc`.`detalleproductoId`) cad ON cad.detalleproductoId = dp.detalleproductoId
LEFT JOIN (SELECT `rpp`.`detalleproductoId`, `pd`.`promocionesdescuentos_Tipo` AS `promoTipo`, `pd`.`promocionesdescuentos_Monto` AS `promoMonto`
FROM `tbl_rel_producto_promocion` `rpp`
INNER JOIN `tbl_cat_promociondescuentos` `pd` ON `pd`.`promocionesdescuentosId` = `rpp`.`promocionesdescuentosId`
WHERE `rpp`.`productopromocion_Activo` = 1
AND `pd`.`promocionesdescuentos_Activo` = 1) promo ON promo.detalleproductoId = dp.detalleproductoId
WHERE `dp`.`detalleproducto_Activo` = 1
AND `p`.`producto_Activo` = 1
ORDER BY `cad`.`dias` ASC')
 4 SYSTEMPATH\Database\BaseBuilder.php(1649): CodeIgniter\Database\BaseConnection->query('SELECT `dp`.`detalleproductoId`, `dp`.`productoId`, `p`.`producto_Nombre`, `tp`.`tipoproducto_Nombre`, `dp`.`detalleproducto_PrecioVenta` AS `precioBase`, `dp`.`detalleproducto_Cantidad` AS `stock`, `cad`.`dias`, `promo`.`promoTipo`, `promo`.`promoMonto`
FROM `tbl_ope_detalleproducto` `dp`
INNER JOIN `tbl_ope_producto` `p` ON `p`.`productoId` = `dp`.`productoId`
LEFT JOIN `tbl_cat_tipoproducto` `tp` ON `tp`.`tipoproductoId` = `dp`.`tipoproductoId`
LEFT JOIN (SELECT `pc`.`detalleproductoId`, MIN(DATEDIFF(pc.productocaducidad_FechaCaducidad, CURDATE())) AS dias
FROM `tbl_rel_productocaducidad` `pc`
WHERE `pc`.`productocaducidad_Activo` = 1
GROUP BY `pc`.`detalleproductoId`) cad ON cad.detalleproductoId = dp.detalleproductoId
LEFT JOIN (SELECT `rpp`.`detalleproductoId`, `pd`.`promocionesdescuentos_Tipo` AS `promoTipo`, `pd`.`promocionesdescuentos_Monto` AS `promoMonto`
FROM `tbl_rel_producto_promocion` `rpp`
INNER JOIN `tbl_cat_promociondescuentos` `pd` ON `pd`.`promocionesdescuentosId` = `rpp`.`promocionesdescuentosId`
WHERE `rpp`.`productopromocion_Activo` = 1
AND `pd`.`promocionesdescuentos_Activo` = 1) promo ON promo.detalleproductoId = dp.detalleproductoId
WHERE `dp`.`detalleproducto_Activo` = :dp.detalleproducto_Activo:
AND `p`.`producto_Activo` = :p.producto_Activo:
ORDER BY `cad`.`dias` ASC', [...], false)
 5 APPPATH\Controllers\GestionPromocionesProductosController.php(74): CodeIgniter\Database\BaseBuilder->get()
 6 APPPATH\Controllers\GestionPromocionesProductosController.php(26): App\Controllers\GestionPromocionesProductosController->getInventarioSemaforo()
 7 SYSTEMPATH\CodeIgniter.php(933): App\Controllers\GestionPromocionesProductosController->Index()
 8 SYSTEMPATH\CodeIgniter.php(507): CodeIgniter\CodeIgniter->runController(Object(App\Controllers\GestionPromocionesProductosController))
 9 SYSTEMPATH\CodeIgniter.php(354): CodeIgniter\CodeIgniter->handleRequest(null, Object(Config\Cache), false)
10 SYSTEMPATH\Boot.php(363): CodeIgniter\CodeIgniter->run()
11 SYSTEMPATH\Boot.php(68): CodeIgniter\Boot::runCodeIgniter(Object(CodeIgniter\CodeIgniter))
12 FCPATH\index.php(59): CodeIgniter\Boot::bootWeb(Object(Config\Paths))
DEBUG - 2026-01-29 14:31:51 --> Session: Class initialized using 'CodeIgniter\Session\Handlers\FileHandler' driver.
DEBUG - 2026-01-29 14:39:46 --> Session: Class initialized using 'CodeIgniter\Session\Handlers\FileHandler' driver.
DEBUG - 2026-01-29 14:44:31 --> Session: Class initialized using 'CodeIgniter\Session\Handlers\FileHandler' driver.
DEBUG - 2026-01-29 14:45:10 --> Session: Class initialized using 'CodeIgniter\Session\Handlers\FileHandler' driver.
DEBUG - 2026-01-29 14:45:17 --> Session: Class initialized using 'CodeIgniter\Session\Handlers\FileHandler' driver.
DEBUG - 2026-01-29 14:45:31 --> Session: Class initialized using 'CodeIgniter\Session\Handlers\FileHandler' driver.
DEBUG - 2026-01-29 14:45:57 --> Session: Class initialized using 'CodeIgniter\Session\Handlers\FileHandler' driver.
DEBUG - 2026-01-29 14:46:28 --> Session: Class initialized using 'CodeIgniter\Session\Handlers\FileHandler' driver.
DEBUG - 2026-01-29 14:51:39 --> Session: Class initialized using 'CodeIgniter\Session\Handlers\FileHandler' driver.
DEBUG - 2026-01-29 14:51:39 --> Session: Class initialized using 'CodeIgniter\Session\Handlers\FileHandler' driver.
DEBUG - 2026-01-29 14:51:40 --> Session: Class initialized using 'CodeIgniter\Session\Handlers\FileHandler' driver.
DEBUG - 2026-01-29 15:04:59 --> Session: Class initialized using 'CodeIgniter\Session\Handlers\FileHandler' driver.
DEBUG - 2026-01-29 15:05:03 --> Session: Class initialized using 'CodeIgniter\Session\Handlers\FileHandler' driver.
DEBUG - 2026-01-29 15:05:04 --> Session: Class initialized using 'CodeIgniter\Session\Handlers\FileHandler' driver.
DEBUG - 2026-01-29 15:05:10 --> Session: Class initialized using 'CodeIgniter\Session\Handlers\FileHandler' driver.
DEBUG - 2026-01-29 15:08:04 --> Session: Class initialized using 'CodeIgniter\Session\Handlers\FileHandler' driver.
DEBUG - 2026-01-29 15:11:22 --> Session: Class initialized using 'CodeIgniter\Session\Handlers\FileHandler' driver.
DEBUG - 2026-01-29 15:11:32 --> Session: Class initialized using 'CodeIgniter\Session\Handlers\FileHandler' driver.
DEBUG - 2026-01-29 15:22:16 --> Session: Class initialized using 'CodeIgniter\Session\Handlers\FileHandler' driver.
DEBUG - 2026-01-29 15:58:43 --> Session: Class initialized using 'CodeIgniter\Session\Handlers\FileHandler' driver.
DEBUG - 2026-01-29 15:59:16 --> Session: Class initialized using 'CodeIgniter\Session\Handlers\FileHandler' driver.
DEBUG - 2026-01-29 15:59:34 --> Session: Class initialized using 'CodeIgniter\Session\Handlers\FileHandler' driver.
DEBUG - 2026-01-29 16:00:37 --> Session: Class initialized using 'CodeIgniter\Session\Handlers\FileHandler' driver.
DEBUG - 2026-01-29 16:01:10 --> Session: Class initialized using 'CodeIgniter\Session\Handlers\FileHandler' driver.
DEBUG - 2026-01-29 16:04:48 --> Session: Class initialized using 'CodeIgniter\Session\Handlers\FileHandler' driver.
DEBUG - 2026-01-29 16:05:01 --> Session: Class initialized using 'CodeIgniter\Session\Handlers\FileHandler' driver.
DEBUG - 2026-01-29 16:05:50 --> Session: Class initialized using 'CodeIgniter\Session\Handlers\FileHandler' driver.
DEBUG - 2026-01-29 16:06:16 --> Session: Class initialized using 'CodeIgniter\Session\Handlers\FileHandler' driver.
DEBUG - 2026-01-29 16:06:30 --> Session: Class initialized using 'CodeIgniter\Session\Handlers\FileHandler' driver.
DEBUG - 2026-01-29 16:18:03 --> Session: Class initialized using 'CodeIgniter\Session\Handlers\FileHandler' driver.
DEBUG - 2026-01-29 16:19:26 --> Session: Class initialized using 'CodeIgniter\Session\Handlers\FileHandler' driver.
DEBUG - 2026-01-29 16:20:15 --> Session: Class initialized using 'CodeIgniter\Session\Handlers\FileHandler' driver.
DEBUG - 2026-01-29 16:20:45 --> Session: Class initialized using 'CodeIgniter\Session\Handlers\FileHandler' driver.
DEBUG - 2026-01-29 16:21:02 --> Session: Class initialized using 'CodeIgniter\Session\Handlers\FileHandler' driver.
DEBUG - 2026-01-29 16:21:27 --> Session: Class initialized using 'CodeIgniter\Session\Handlers\FileHandler' driver.
DEBUG - 2026-01-29 16:21:38 --> Session: Class initialized using 'CodeIgniter\Session\Handlers\FileHandler' driver.
DEBUG - 2026-01-29 16:22:47 --> Session: Class initialized using 'CodeIgniter\Session\Handlers\FileHandler' driver.
DEBUG - 2026-01-29 16:23:08 --> Session: Class initialized using 'CodeIgniter\Session\Handlers\FileHandler' driver.
DEBUG - 2026-01-29 16:23:52 --> Session: Class initialized using 'CodeIgniter\Session\Handlers\FileHandler' driver.
DEBUG - 2026-01-29 16:23:55 --> Session: Class initialized using 'CodeIgniter\Session\Handlers\FileHandler' driver.
DEBUG - 2026-01-29 16:24:11 --> Session: Class initialized using 'CodeIgniter\Session\Handlers\FileHandler' driver.
DEBUG - 2026-01-29 16:25:23 --> Session: Class initialized using 'CodeIgniter\Session\Handlers\FileHandler' driver.
DEBUG - 2026-01-29 16:28:28 --> Session: Class initialized using 'CodeIgniter\Session\Handlers\FileHandler' driver.
DEBUG - 2026-01-29 16:29:18 --> Session: Class initialized using 'CodeIgniter\Session\Handlers\FileHandler' driver.
DEBUG - 2026-01-29 16:30:48 --> Session: Class initialized using 'CodeIgniter\Session\Handlers\FileHandler' driver.
DEBUG - 2026-01-29 16:31:00 --> Session: Class initialized using 'CodeIgniter\Session\Handlers\FileHandler' driver.
DEBUG - 2026-01-29 16:31:54 --> Session: Class initialized using 'CodeIgniter\Session\Handlers\FileHandler' driver.
DEBUG - 2026-01-29 16:35:36 --> Session: Class initialized using 'CodeIgniter\Session\Handlers\FileHandler' driver.
DEBUG - 2026-01-29 16:37:29 --> Session: Class initialized using 'CodeIgniter\Session\Handlers\FileHandler' driver.
DEBUG - 2026-01-29 16:38:46 --> Session: Class initialized using 'CodeIgniter\Session\Handlers\FileHandler' driver.
DEBUG - 2026-01-29 16:39:24 --> Session: Class initialized using 'CodeIgniter\Session\Handlers\FileHandler' driver.
DEBUG - 2026-01-29 16:42:13 --> Session: Class initialized using 'CodeIgniter\Session\Handlers\FileHandler' driver.
DEBUG - 2026-01-29 16:42:18 --> Session: Class initialized using 'CodeIgniter\Session\Handlers\FileHandler' driver.
