CRITICAL - 2025-11-03 22:17:36 --> ErrorException: include(C:\xampp\htdocs\Proyect_Appforrajes\vendor\composer/../../app/Config/Database.php): Failed to open stream: No such file or directory
[Method: GET, Route: Proyect_AppForrajes/]
in VENDORPATH\composer\ClassLoader.php on line 576.
 1 VENDORPATH\composer\ClassLoader.php(576): CodeIgniter\Debug\Exceptions->errorHandler(2, 'include(C:\\xampp\\htdocs\\Proyect_Appforrajes\\vendor\\composer/../../app/Config/Database.php): Failed to open stream: No such file or directory', 'C:\\xampp\\htdocs\\Proyect_Appforrajes\\vendor\\composer\\ClassLoader.php', 576)
 2 VENDORPATH\composer\ClassLoader.php(576): include()
 3 VENDORPATH\composer\ClassLoader.php(427): Composer\Autoload\{closure}('C:\\xampp\\htdocs\\Proyect_Appforrajes\\vendor\\composer/../../app/Config/Database.php')
 4 SYSTEMPATH\Debug\Toolbar\Collectors\Database.php(258): Composer\Autoload\ClassLoader->loadClass('Config\\Database')
 5 SYSTEMPATH\Debug\Toolbar\Collectors\Database.php(75): CodeIgniter\Debug\Toolbar\Collectors\Database->getConnections()
 6 SYSTEMPATH\Debug\Toolbar.php(67): CodeIgniter\Debug\Toolbar\Collectors\Database->__construct()
 7 SYSTEMPATH\Config\Services.php(796): CodeIgniter\Debug\Toolbar->__construct(Object(Config\Toolbar))
 8 SYSTEMPATH\Config\BaseService.php(312): CodeIgniter\Config\Services::toolbar(Object(Config\Toolbar), false)
 9 SYSTEMPATH\Config\BaseService.php(251): CodeIgniter\Config\BaseService::__callStatic('toolbar', [...])
10 SYSTEMPATH\Config\Services.php(791): CodeIgniter\Config\BaseService::getSharedInstance('toolbar', null)
11 SYSTEMPATH\Config\BaseService.php(321): CodeIgniter\Config\Services::toolbar()
12 SYSTEMPATH\Config\BaseService.php(202): CodeIgniter\Config\BaseService::__callStatic('toolbar', [])
13 SYSTEMPATH\Common.php(1000): CodeIgniter\Config\BaseService::get('toolbar')
14 APPPATH\Config\Events.php(47): service('toolbar')
15 SYSTEMPATH\Events\Events.php(155): CodeIgniter\Events\Events::Config\{closure}()
16 SYSTEMPATH\CodeIgniter.php(339): CodeIgniter\Events\Events::trigger('pre_system')
17 SYSTEMPATH\Boot.php(334): CodeIgniter\CodeIgniter->run()
18 SYSTEMPATH\Boot.php(67): CodeIgniter\Boot::runCodeIgniter(Object(CodeIgniter\CodeIgniter))
19 FCPATH\index.php(59): CodeIgniter\Boot::bootWeb(Object(Config\Paths))
