ERROR - 2026-01-14 14:52:49 --> mysqli_sql_exception: Table 'u502235271_appforrajes.tbl_ope_rolesDetalle' doesn't exist in /home/u502235271/domains/kachbentsystem.online/public_html/Proyect_Appforrajes/vendor/codeigniter4/framework/system/Database/MySQLi/Connection.php:327
Stack trace:
#0 /home/u502235271/domains/kachbentsystem.online/public_html/Proyect_Appforrajes/vendor/codeigniter4/framework/system/Database/MySQLi/Connection.php(327): mysqli->query()
#1 /home/u502235271/domains/kachbentsystem.online/public_html/Proyect_Appforrajes/vendor/codeigniter4/framework/system/Database/BaseConnection.php(729): CodeIgniter\Database\MySQLi\Connection->execute()
#2 /home/u502235271/domains/kachbentsystem.online/public_html/Proyect_Appforrajes/vendor/codeigniter4/framework/system/Database/BaseConnection.php(646): CodeIgniter\Database\BaseConnection->simpleQuery()
#3 /home/u502235271/domains/kachbentsystem.online/public_html/Proyect_Appforrajes/vendor/codeigniter4/framework/system/Database/BaseBuilder.php(1649): CodeIgniter\Database\BaseConnection->query()
#4 /home/u502235271/domains/kachbentsystem.online/public_html/Proyect_Appforrajes/app/Controllers/UsuariosController.php(153): CodeIgniter\Database\BaseBuilder->get()
#5 /home/u502235271/domains/kachbentsystem.online/public_html/Proyect_Appforrajes/vendor/codeigniter4/framework/system/CodeIgniter.php(933): App\Controllers\UsuariosController->index()
#6 /home/u502235271/domains/kachbentsystem.online/public_html/Proyect_Appforrajes/vendor/codeigniter4/framework/system/CodeIgniter.php(507): CodeIgniter\CodeIgniter->runController()
#7 /home/u502235271/domains/kachbentsystem.online/public_html/Proyect_Appforrajes/vendor/codeigniter4/framework/system/CodeIgniter.php(354): CodeIgniter\CodeIgniter->handleRequest()
#8 /home/u502235271/domains/kachbentsystem.online/public_html/Proyect_Appforrajes/vendor/codeigniter4/framework/system/Boot.php(363): CodeIgniter\CodeIgniter->run()
#9 /home/u502235271/domains/kachbentsystem.online/public_html/Proyect_Appforrajes/vendor/codeigniter4/framework/system/Boot.php(68): CodeIgniter\Boot::runCodeIgniter()
#10 /home/u502235271/domains/kachbentsystem.online/public_html/Proyect_Appforrajes/public/index.php(59): CodeIgniter\Boot::bootWeb()
#11 {main}
CRITICAL - 2026-01-14 14:52:49 --> CodeIgniter\Database\Exceptions\DatabaseException: Table 'u502235271_appforrajes.tbl_ope_rolesDetalle' doesn't exist
[Method: GET, Route: usuarios]
in SYSTEMPATH/Database/BaseConnection.php on line 684.
 1 SYSTEMPATH/Database/BaseBuilder.php(1649): CodeIgniter\Database\BaseConnection->query()
 2 APPPATH/Controllers/UsuariosController.php(153): CodeIgniter\Database\BaseBuilder->get()
 3 SYSTEMPATH/CodeIgniter.php(933): App\Controllers\UsuariosController->index()
 4 SYSTEMPATH/CodeIgniter.php(507): CodeIgniter\CodeIgniter->runController()
 5 SYSTEMPATH/CodeIgniter.php(354): CodeIgniter\CodeIgniter->handleRequest()
 6 SYSTEMPATH/Boot.php(363): CodeIgniter\CodeIgniter->run()
 7 SYSTEMPATH/Boot.php(68): CodeIgniter\Boot::runCodeIgniter()
 8 FCPATH/index.php(59): CodeIgniter\Boot::bootWeb()
CRITICAL - 2026-01-14 14:52:49 --> [Caused by] CodeIgniter\Database\Exceptions\DatabaseException: Table 'u502235271_appforrajes.tbl_ope_rolesDetalle' doesn't exist
in SYSTEMPATH/Database/MySQLi/Connection.php on line 332.
 1 SYSTEMPATH/Database/BaseConnection.php(729): CodeIgniter\Database\MySQLi\Connection->execute()
 2 SYSTEMPATH/Database/BaseConnection.php(646): CodeIgniter\Database\BaseConnection->simpleQuery()
 3 SYSTEMPATH/Database/BaseBuilder.php(1649): CodeIgniter\Database\BaseConnection->query()
 4 APPPATH/Controllers/UsuariosController.php(153): CodeIgniter\Database\BaseBuilder->get()
 5 SYSTEMPATH/CodeIgniter.php(933): App\Controllers\UsuariosController->index()
 6 SYSTEMPATH/CodeIgniter.php(507): CodeIgniter\CodeIgniter->runController()
 7 SYSTEMPATH/CodeIgniter.php(354): CodeIgniter\CodeIgniter->handleRequest()
 8 SYSTEMPATH/Boot.php(363): CodeIgniter\CodeIgniter->run()
 9 SYSTEMPATH/Boot.php(68): CodeIgniter\Boot::runCodeIgniter()
10 FCPATH/index.php(59): CodeIgniter\Boot::bootWeb()
CRITICAL - 2026-01-14 14:52:49 --> [Caused by] mysqli_sql_exception: Table 'u502235271_appforrajes.tbl_ope_rolesDetalle' doesn't exist
in SYSTEMPATH/Database/MySQLi/Connection.php on line 327.
 1 SYSTEMPATH/Database/MySQLi/Connection.php(327): mysqli->query()
 2 SYSTEMPATH/Database/BaseConnection.php(729): CodeIgniter\Database\MySQLi\Connection->execute()
 3 SYSTEMPATH/Database/BaseConnection.php(646): CodeIgniter\Database\BaseConnection->simpleQuery()
 4 SYSTEMPATH/Database/BaseBuilder.php(1649): CodeIgniter\Database\BaseConnection->query()
 5 APPPATH/Controllers/UsuariosController.php(153): CodeIgniter\Database\BaseBuilder->get()
 6 SYSTEMPATH/CodeIgniter.php(933): App\Controllers\UsuariosController->index()
 7 SYSTEMPATH/CodeIgniter.php(507): CodeIgniter\CodeIgniter->runController()
 8 SYSTEMPATH/CodeIgniter.php(354): CodeIgniter\CodeIgniter->handleRequest()
 9 SYSTEMPATH/Boot.php(363): CodeIgniter\CodeIgniter->run()
10 SYSTEMPATH/Boot.php(68): CodeIgniter\Boot::runCodeIgniter()
11 FCPATH/index.php(59): CodeIgniter\Boot::bootWeb()
DEBUG - 2026-01-14 14:54:09 --> Session: Class initialized using 'CodeIgniter\Session\Handlers\FileHandler' driver.
ERROR - 2026-01-14 14:54:09 --> mysqli_sql_exception: Table 'u502235271_appforrajes.tbl_ope_rolesDetalle' doesn't exist in /home/u502235271/domains/kachbentsystem.online/public_html/Proyect_Appforrajes/vendor/codeigniter4/framework/system/Database/MySQLi/Connection.php:327
Stack trace:
#0 /home/u502235271/domains/kachbentsystem.online/public_html/Proyect_Appforrajes/vendor/codeigniter4/framework/system/Database/MySQLi/Connection.php(327): mysqli->query()
#1 /home/u502235271/domains/kachbentsystem.online/public_html/Proyect_Appforrajes/vendor/codeigniter4/framework/system/Database/BaseConnection.php(729): CodeIgniter\Database\MySQLi\Connection->execute()
#2 /home/u502235271/domains/kachbentsystem.online/public_html/Proyect_Appforrajes/vendor/codeigniter4/framework/system/Database/BaseConnection.php(646): CodeIgniter\Database\BaseConnection->simpleQuery()
#3 /home/u502235271/domains/kachbentsystem.online/public_html/Proyect_Appforrajes/vendor/codeigniter4/framework/system/Database/BaseBuilder.php(1649): CodeIgniter\Database\BaseConnection->query()
#4 /home/u502235271/domains/kachbentsystem.online/public_html/Proyect_Appforrajes/app/Controllers/UsuariosController.php(153): CodeIgniter\Database\BaseBuilder->get()
#5 /home/u502235271/domains/kachbentsystem.online/public_html/Proyect_Appforrajes/vendor/codeigniter4/framework/system/CodeIgniter.php(933): App\Controllers\UsuariosController->index()
#6 /home/u502235271/domains/kachbentsystem.online/public_html/Proyect_Appforrajes/vendor/codeigniter4/framework/system/CodeIgniter.php(507): CodeIgniter\CodeIgniter->runController()
#7 /home/u502235271/domains/kachbentsystem.online/public_html/Proyect_Appforrajes/vendor/codeigniter4/framework/system/CodeIgniter.php(354): CodeIgniter\CodeIgniter->handleRequest()
#8 /home/u502235271/domains/kachbentsystem.online/public_html/Proyect_Appforrajes/vendor/codeigniter4/framework/system/Boot.php(363): CodeIgniter\CodeIgniter->run()
#9 /home/u502235271/domains/kachbentsystem.online/public_html/Proyect_Appforrajes/vendor/codeigniter4/framework/system/Boot.php(68): CodeIgniter\Boot::runCodeIgniter()
#10 /home/u502235271/domains/kachbentsystem.online/public_html/Proyect_Appforrajes/public/index.php(59): CodeIgniter\Boot::bootWeb()
#11 {main}
CRITICAL - 2026-01-14 14:54:09 --> CodeIgniter\Database\Exceptions\DatabaseException: Table 'u502235271_appforrajes.tbl_ope_rolesDetalle' doesn't exist
[Method: GET, Route: usuarios]
in SYSTEMPATH/Database/BaseConnection.php on line 684.
 1 SYSTEMPATH/Database/BaseBuilder.php(1649): CodeIgniter\Database\BaseConnection->query()
 2 APPPATH/Controllers/UsuariosController.php(153): CodeIgniter\Database\BaseBuilder->get()
 3 SYSTEMPATH/CodeIgniter.php(933): App\Controllers\UsuariosController->index()
 4 SYSTEMPATH/CodeIgniter.php(507): CodeIgniter\CodeIgniter->runController()
 5 SYSTEMPATH/CodeIgniter.php(354): CodeIgniter\CodeIgniter->handleRequest()
 6 SYSTEMPATH/Boot.php(363): CodeIgniter\CodeIgniter->run()
 7 SYSTEMPATH/Boot.php(68): CodeIgniter\Boot::runCodeIgniter()
 8 FCPATH/index.php(59): CodeIgniter\Boot::bootWeb()
CRITICAL - 2026-01-14 14:54:09 --> [Caused by] CodeIgniter\Database\Exceptions\DatabaseException: Table 'u502235271_appforrajes.tbl_ope_rolesDetalle' doesn't exist
in SYSTEMPATH/Database/MySQLi/Connection.php on line 332.
 1 SYSTEMPATH/Database/BaseConnection.php(729): CodeIgniter\Database\MySQLi\Connection->execute()
 2 SYSTEMPATH/Database/BaseConnection.php(646): CodeIgniter\Database\BaseConnection->simpleQuery()
 3 SYSTEMPATH/Database/BaseBuilder.php(1649): CodeIgniter\Database\BaseConnection->query()
 4 APPPATH/Controllers/UsuariosController.php(153): CodeIgniter\Database\BaseBuilder->get()
 5 SYSTEMPATH/CodeIgniter.php(933): App\Controllers\UsuariosController->index()
 6 SYSTEMPATH/CodeIgniter.php(507): CodeIgniter\CodeIgniter->runController()
 7 SYSTEMPATH/CodeIgniter.php(354): CodeIgniter\CodeIgniter->handleRequest()
 8 SYSTEMPATH/Boot.php(363): CodeIgniter\CodeIgniter->run()
 9 SYSTEMPATH/Boot.php(68): CodeIgniter\Boot::runCodeIgniter()
10 FCPATH/index.php(59): CodeIgniter\Boot::bootWeb()
CRITICAL - 2026-01-14 14:54:09 --> [Caused by] mysqli_sql_exception: Table 'u502235271_appforrajes.tbl_ope_rolesDetalle' doesn't exist
in SYSTEMPATH/Database/MySQLi/Connection.php on line 327.
 1 SYSTEMPATH/Database/MySQLi/Connection.php(327): mysqli->query()
 2 SYSTEMPATH/Database/BaseConnection.php(729): CodeIgniter\Database\MySQLi\Connection->execute()
 3 SYSTEMPATH/Database/BaseConnection.php(646): CodeIgniter\Database\BaseConnection->simpleQuery()
 4 SYSTEMPATH/Database/BaseBuilder.php(1649): CodeIgniter\Database\BaseConnection->query()
 5 APPPATH/Controllers/UsuariosController.php(153): CodeIgniter\Database\BaseBuilder->get()
 6 SYSTEMPATH/CodeIgniter.php(933): App\Controllers\UsuariosController->index()
 7 SYSTEMPATH/CodeIgniter.php(507): CodeIgniter\CodeIgniter->runController()
 8 SYSTEMPATH/CodeIgniter.php(354): CodeIgniter\CodeIgniter->handleRequest()
 9 SYSTEMPATH/Boot.php(363): CodeIgniter\CodeIgniter->run()
10 SYSTEMPATH/Boot.php(68): CodeIgniter\Boot::runCodeIgniter()
11 FCPATH/index.php(59): CodeIgniter\Boot::bootWeb()
DEBUG - 2026-01-14 14:57:51 --> Session: Class initialized using 'CodeIgniter\Session\Handlers\FileHandler' driver.
ERROR - 2026-01-14 14:57:51 --> mysqli_sql_exception: Table 'u502235271_appforrajes.tbl_ope_rolesDetalle' doesn't exist in /home/u502235271/domains/kachbentsystem.online/public_html/Proyect_Appforrajes/vendor/codeigniter4/framework/system/Database/MySQLi/Connection.php:327
Stack trace:
#0 /home/u502235271/domains/kachbentsystem.online/public_html/Proyect_Appforrajes/vendor/codeigniter4/framework/system/Database/MySQLi/Connection.php(327): mysqli->query()
#1 /home/u502235271/domains/kachbentsystem.online/public_html/Proyect_Appforrajes/vendor/codeigniter4/framework/system/Database/BaseConnection.php(729): CodeIgniter\Database\MySQLi\Connection->execute()
#2 /home/u502235271/domains/kachbentsystem.online/public_html/Proyect_Appforrajes/vendor/codeigniter4/framework/system/Database/BaseConnection.php(646): CodeIgniter\Database\BaseConnection->simpleQuery()
#3 /home/u502235271/domains/kachbentsystem.online/public_html/Proyect_Appforrajes/vendor/codeigniter4/framework/system/Database/BaseBuilder.php(1649): CodeIgniter\Database\BaseConnection->query()
#4 /home/u502235271/domains/kachbentsystem.online/public_html/Proyect_Appforrajes/app/Controllers/UsuariosController.php(153): CodeIgniter\Database\BaseBuilder->get()
#5 /home/u502235271/domains/kachbentsystem.online/public_html/Proyect_Appforrajes/vendor/codeigniter4/framework/system/CodeIgniter.php(933): App\Controllers\UsuariosController->index()
#6 /home/u502235271/domains/kachbentsystem.online/public_html/Proyect_Appforrajes/vendor/codeigniter4/framework/system/CodeIgniter.php(507): CodeIgniter\CodeIgniter->runController()
#7 /home/u502235271/domains/kachbentsystem.online/public_html/Proyect_Appforrajes/vendor/codeigniter4/framework/system/CodeIgniter.php(354): CodeIgniter\CodeIgniter->handleRequest()
#8 /home/u502235271/domains/kachbentsystem.online/public_html/Proyect_Appforrajes/vendor/codeigniter4/framework/system/Boot.php(363): CodeIgniter\CodeIgniter->run()
#9 /home/u502235271/domains/kachbentsystem.online/public_html/Proyect_Appforrajes/vendor/codeigniter4/framework/system/Boot.php(68): CodeIgniter\Boot::runCodeIgniter()
#10 /home/u502235271/domains/kachbentsystem.online/public_html/Proyect_Appforrajes/public/index.php(59): CodeIgniter\Boot::bootWeb()
#11 {main}
CRITICAL - 2026-01-14 14:57:51 --> CodeIgniter\Database\Exceptions\DatabaseException: Table 'u502235271_appforrajes.tbl_ope_rolesDetalle' doesn't exist
[Method: GET, Route: usuarios]
in SYSTEMPATH/Database/BaseConnection.php on line 684.
 1 SYSTEMPATH/Database/BaseBuilder.php(1649): CodeIgniter\Database\BaseConnection->query()
 2 APPPATH/Controllers/UsuariosController.php(153): CodeIgniter\Database\BaseBuilder->get()
 3 SYSTEMPATH/CodeIgniter.php(933): App\Controllers\UsuariosController->index()
 4 SYSTEMPATH/CodeIgniter.php(507): CodeIgniter\CodeIgniter->runController()
 5 SYSTEMPATH/CodeIgniter.php(354): CodeIgniter\CodeIgniter->handleRequest()
 6 SYSTEMPATH/Boot.php(363): CodeIgniter\CodeIgniter->run()
 7 SYSTEMPATH/Boot.php(68): CodeIgniter\Boot::runCodeIgniter()
 8 FCPATH/index.php(59): CodeIgniter\Boot::bootWeb()
CRITICAL - 2026-01-14 14:57:51 --> [Caused by] CodeIgniter\Database\Exceptions\DatabaseException: Table 'u502235271_appforrajes.tbl_ope_rolesDetalle' doesn't exist
in SYSTEMPATH/Database/MySQLi/Connection.php on line 332.
 1 SYSTEMPATH/Database/BaseConnection.php(729): CodeIgniter\Database\MySQLi\Connection->execute()
 2 SYSTEMPATH/Database/BaseConnection.php(646): CodeIgniter\Database\BaseConnection->simpleQuery()
 3 SYSTEMPATH/Database/BaseBuilder.php(1649): CodeIgniter\Database\BaseConnection->query()
 4 APPPATH/Controllers/UsuariosController.php(153): CodeIgniter\Database\BaseBuilder->get()
 5 SYSTEMPATH/CodeIgniter.php(933): App\Controllers\UsuariosController->index()
 6 SYSTEMPATH/CodeIgniter.php(507): CodeIgniter\CodeIgniter->runController()
 7 SYSTEMPATH/CodeIgniter.php(354): CodeIgniter\CodeIgniter->handleRequest()
 8 SYSTEMPATH/Boot.php(363): CodeIgniter\CodeIgniter->run()
 9 SYSTEMPATH/Boot.php(68): CodeIgniter\Boot::runCodeIgniter()
10 FCPATH/index.php(59): CodeIgniter\Boot::bootWeb()
CRITICAL - 2026-01-14 14:57:51 --> [Caused by] mysqli_sql_exception: Table 'u502235271_appforrajes.tbl_ope_rolesDetalle' doesn't exist
in SYSTEMPATH/Database/MySQLi/Connection.php on line 327.
 1 SYSTEMPATH/Database/MySQLi/Connection.php(327): mysqli->query()
 2 SYSTEMPATH/Database/BaseConnection.php(729): CodeIgniter\Database\MySQLi\Connection->execute()
 3 SYSTEMPATH/Database/BaseConnection.php(646): CodeIgniter\Database\BaseConnection->simpleQuery()
 4 SYSTEMPATH/Database/BaseBuilder.php(1649): CodeIgniter\Database\BaseConnection->query()
 5 APPPATH/Controllers/UsuariosController.php(153): CodeIgniter\Database\BaseBuilder->get()
 6 SYSTEMPATH/CodeIgniter.php(933): App\Controllers\UsuariosController->index()
 7 SYSTEMPATH/CodeIgniter.php(507): CodeIgniter\CodeIgniter->runController()
 8 SYSTEMPATH/CodeIgniter.php(354): CodeIgniter\CodeIgniter->handleRequest()
 9 SYSTEMPATH/Boot.php(363): CodeIgniter\CodeIgniter->run()
10 SYSTEMPATH/Boot.php(68): CodeIgniter\Boot::runCodeIgniter()
11 FCPATH/index.php(59): CodeIgniter\Boot::bootWeb()
DEBUG - 2026-01-14 14:57:52 --> Session: Class initialized using 'CodeIgniter\Session\Handlers\FileHandler' driver.
ERROR - 2026-01-14 14:57:52 --> mysqli_sql_exception: Table 'u502235271_appforrajes.tbl_ope_rolesDetalle' doesn't exist in /home/u502235271/domains/kachbentsystem.online/public_html/Proyect_Appforrajes/vendor/codeigniter4/framework/system/Database/MySQLi/Connection.php:327
Stack trace:
#0 /home/u502235271/domains/kachbentsystem.online/public_html/Proyect_Appforrajes/vendor/codeigniter4/framework/system/Database/MySQLi/Connection.php(327): mysqli->query()
#1 /home/u502235271/domains/kachbentsystem.online/public_html/Proyect_Appforrajes/vendor/codeigniter4/framework/system/Database/BaseConnection.php(729): CodeIgniter\Database\MySQLi\Connection->execute()
#2 /home/u502235271/domains/kachbentsystem.online/public_html/Proyect_Appforrajes/vendor/codeigniter4/framework/system/Database/BaseConnection.php(646): CodeIgniter\Database\BaseConnection->simpleQuery()
#3 /home/u502235271/domains/kachbentsystem.online/public_html/Proyect_Appforrajes/vendor/codeigniter4/framework/system/Database/BaseBuilder.php(1649): CodeIgniter\Database\BaseConnection->query()
#4 /home/u502235271/domains/kachbentsystem.online/public_html/Proyect_Appforrajes/app/Controllers/UsuariosController.php(153): CodeIgniter\Database\BaseBuilder->get()
#5 /home/u502235271/domains/kachbentsystem.online/public_html/Proyect_Appforrajes/vendor/codeigniter4/framework/system/CodeIgniter.php(933): App\Controllers\UsuariosController->index()
#6 /home/u502235271/domains/kachbentsystem.online/public_html/Proyect_Appforrajes/vendor/codeigniter4/framework/system/CodeIgniter.php(507): CodeIgniter\CodeIgniter->runController()
#7 /home/u502235271/domains/kachbentsystem.online/public_html/Proyect_Appforrajes/vendor/codeigniter4/framework/system/CodeIgniter.php(354): CodeIgniter\CodeIgniter->handleRequest()
#8 /home/u502235271/domains/kachbentsystem.online/public_html/Proyect_Appforrajes/vendor/codeigniter4/framework/system/Boot.php(363): CodeIgniter\CodeIgniter->run()
#9 /home/u502235271/domains/kachbentsystem.online/public_html/Proyect_Appforrajes/vendor/codeigniter4/framework/system/Boot.php(68): CodeIgniter\Boot::runCodeIgniter()
#10 /home/u502235271/domains/kachbentsystem.online/public_html/Proyect_Appforrajes/public/index.php(59): CodeIgniter\Boot::bootWeb()
#11 {main}
CRITICAL - 2026-01-14 14:57:52 --> CodeIgniter\Database\Exceptions\DatabaseException: Table 'u502235271_appforrajes.tbl_ope_rolesDetalle' doesn't exist
[Method: GET, Route: usuarios]
in SYSTEMPATH/Database/BaseConnection.php on line 684.
 1 SYSTEMPATH/Database/BaseBuilder.php(1649): CodeIgniter\Database\BaseConnection->query()
 2 APPPATH/Controllers/UsuariosController.php(153): CodeIgniter\Database\BaseBuilder->get()
 3 SYSTEMPATH/CodeIgniter.php(933): App\Controllers\UsuariosController->index()
 4 SYSTEMPATH/CodeIgniter.php(507): CodeIgniter\CodeIgniter->runController()
 5 SYSTEMPATH/CodeIgniter.php(354): CodeIgniter\CodeIgniter->handleRequest()
 6 SYSTEMPATH/Boot.php(363): CodeIgniter\CodeIgniter->run()
 7 SYSTEMPATH/Boot.php(68): CodeIgniter\Boot::runCodeIgniter()
 8 FCPATH/index.php(59): CodeIgniter\Boot::bootWeb()
CRITICAL - 2026-01-14 14:57:52 --> [Caused by] CodeIgniter\Database\Exceptions\DatabaseException: Table 'u502235271_appforrajes.tbl_ope_rolesDetalle' doesn't exist
in SYSTEMPATH/Database/MySQLi/Connection.php on line 332.
 1 SYSTEMPATH/Database/BaseConnection.php(729): CodeIgniter\Database\MySQLi\Connection->execute()
 2 SYSTEMPATH/Database/BaseConnection.php(646): CodeIgniter\Database\BaseConnection->simpleQuery()
 3 SYSTEMPATH/Database/BaseBuilder.php(1649): CodeIgniter\Database\BaseConnection->query()
 4 APPPATH/Controllers/UsuariosController.php(153): CodeIgniter\Database\BaseBuilder->get()
 5 SYSTEMPATH/CodeIgniter.php(933): App\Controllers\UsuariosController->index()
 6 SYSTEMPATH/CodeIgniter.php(507): CodeIgniter\CodeIgniter->runController()
 7 SYSTEMPATH/CodeIgniter.php(354): CodeIgniter\CodeIgniter->handleRequest()
 8 SYSTEMPATH/Boot.php(363): CodeIgniter\CodeIgniter->run()
 9 SYSTEMPATH/Boot.php(68): CodeIgniter\Boot::runCodeIgniter()
10 FCPATH/index.php(59): CodeIgniter\Boot::bootWeb()
CRITICAL - 2026-01-14 14:57:52 --> [Caused by] mysqli_sql_exception: Table 'u502235271_appforrajes.tbl_ope_rolesDetalle' doesn't exist
in SYSTEMPATH/Database/MySQLi/Connection.php on line 327.
 1 SYSTEMPATH/Database/MySQLi/Connection.php(327): mysqli->query()
 2 SYSTEMPATH/Database/BaseConnection.php(729): CodeIgniter\Database\MySQLi\Connection->execute()
 3 SYSTEMPATH/Database/BaseConnection.php(646): CodeIgniter\Database\BaseConnection->simpleQuery()
 4 SYSTEMPATH/Database/BaseBuilder.php(1649): CodeIgniter\Database\BaseConnection->query()
 5 APPPATH/Controllers/UsuariosController.php(153): CodeIgniter\Database\BaseBuilder->get()
 6 SYSTEMPATH/CodeIgniter.php(933): App\Controllers\UsuariosController->index()
 7 SYSTEMPATH/CodeIgniter.php(507): CodeIgniter\CodeIgniter->runController()
 8 SYSTEMPATH/CodeIgniter.php(354): CodeIgniter\CodeIgniter->handleRequest()
 9 SYSTEMPATH/Boot.php(363): CodeIgniter\CodeIgniter->run()
10 SYSTEMPATH/Boot.php(68): CodeIgniter\Boot::runCodeIgniter()
11 FCPATH/index.php(59): CodeIgniter\Boot::bootWeb()
DEBUG - 2026-01-14 15:00:46 --> Session: Class initialized using 'CodeIgniter\Session\Handlers\FileHandler' driver.
ERROR - 2026-01-14 15:00:46 --> mysqli_sql_exception: Table 'u502235271_appforrajes.tbl_ope_rolesDetalle' doesn't exist in /home/u502235271/domains/kachbentsystem.online/public_html/Proyect_Appforrajes/vendor/codeigniter4/framework/system/Database/MySQLi/Connection.php:327
Stack trace:
#0 /home/u502235271/domains/kachbentsystem.online/public_html/Proyect_Appforrajes/vendor/codeigniter4/framework/system/Database/MySQLi/Connection.php(327): mysqli->query()
#1 /home/u502235271/domains/kachbentsystem.online/public_html/Proyect_Appforrajes/vendor/codeigniter4/framework/system/Database/BaseConnection.php(729): CodeIgniter\Database\MySQLi\Connection->execute()
#2 /home/u502235271/domains/kachbentsystem.online/public_html/Proyect_Appforrajes/vendor/codeigniter4/framework/system/Database/BaseConnection.php(646): CodeIgniter\Database\BaseConnection->simpleQuery()
#3 /home/u502235271/domains/kachbentsystem.online/public_html/Proyect_Appforrajes/vendor/codeigniter4/framework/system/Database/BaseBuilder.php(1649): CodeIgniter\Database\BaseConnection->query()
#4 /home/u502235271/domains/kachbentsystem.online/public_html/Proyect_Appforrajes/app/Controllers/UsuariosController.php(153): CodeIgniter\Database\BaseBuilder->get()
#5 /home/u502235271/domains/kachbentsystem.online/public_html/Proyect_Appforrajes/vendor/codeigniter4/framework/system/CodeIgniter.php(933): App\Controllers\UsuariosController->index()
#6 /home/u502235271/domains/kachbentsystem.online/public_html/Proyect_Appforrajes/vendor/codeigniter4/framework/system/CodeIgniter.php(507): CodeIgniter\CodeIgniter->runController()
#7 /home/u502235271/domains/kachbentsystem.online/public_html/Proyect_Appforrajes/vendor/codeigniter4/framework/system/CodeIgniter.php(354): CodeIgniter\CodeIgniter->handleRequest()
#8 /home/u502235271/domains/kachbentsystem.online/public_html/Proyect_Appforrajes/vendor/codeigniter4/framework/system/Boot.php(363): CodeIgniter\CodeIgniter->run()
#9 /home/u502235271/domains/kachbentsystem.online/public_html/Proyect_Appforrajes/vendor/codeigniter4/framework/system/Boot.php(68): CodeIgniter\Boot::runCodeIgniter()
#10 /home/u502235271/domains/kachbentsystem.online/public_html/Proyect_Appforrajes/public/index.php(59): CodeIgniter\Boot::bootWeb()
#11 {main}
CRITICAL - 2026-01-14 15:00:46 --> CodeIgniter\Database\Exceptions\DatabaseException: Table 'u502235271_appforrajes.tbl_ope_rolesDetalle' doesn't exist
[Method: GET, Route: usuarios]
in SYSTEMPATH/Database/BaseConnection.php on line 684.
 1 SYSTEMPATH/Database/BaseBuilder.php(1649): CodeIgniter\Database\BaseConnection->query()
 2 APPPATH/Controllers/UsuariosController.php(153): CodeIgniter\Database\BaseBuilder->get()
 3 SYSTEMPATH/CodeIgniter.php(933): App\Controllers\UsuariosController->index()
 4 SYSTEMPATH/CodeIgniter.php(507): CodeIgniter\CodeIgniter->runController()
 5 SYSTEMPATH/CodeIgniter.php(354): CodeIgniter\CodeIgniter->handleRequest()
 6 SYSTEMPATH/Boot.php(363): CodeIgniter\CodeIgniter->run()
 7 SYSTEMPATH/Boot.php(68): CodeIgniter\Boot::runCodeIgniter()
 8 FCPATH/index.php(59): CodeIgniter\Boot::bootWeb()
CRITICAL - 2026-01-14 15:00:46 --> [Caused by] CodeIgniter\Database\Exceptions\DatabaseException: Table 'u502235271_appforrajes.tbl_ope_rolesDetalle' doesn't exist
in SYSTEMPATH/Database/MySQLi/Connection.php on line 332.
 1 SYSTEMPATH/Database/BaseConnection.php(729): CodeIgniter\Database\MySQLi\Connection->execute()
 2 SYSTEMPATH/Database/BaseConnection.php(646): CodeIgniter\Database\BaseConnection->simpleQuery()
 3 SYSTEMPATH/Database/BaseBuilder.php(1649): CodeIgniter\Database\BaseConnection->query()
 4 APPPATH/Controllers/UsuariosController.php(153): CodeIgniter\Database\BaseBuilder->get()
 5 SYSTEMPATH/CodeIgniter.php(933): App\Controllers\UsuariosController->index()
 6 SYSTEMPATH/CodeIgniter.php(507): CodeIgniter\CodeIgniter->runController()
 7 SYSTEMPATH/CodeIgniter.php(354): CodeIgniter\CodeIgniter->handleRequest()
 8 SYSTEMPATH/Boot.php(363): CodeIgniter\CodeIgniter->run()
 9 SYSTEMPATH/Boot.php(68): CodeIgniter\Boot::runCodeIgniter()
10 FCPATH/index.php(59): CodeIgniter\Boot::bootWeb()
CRITICAL - 2026-01-14 15:00:46 --> [Caused by] mysqli_sql_exception: Table 'u502235271_appforrajes.tbl_ope_rolesDetalle' doesn't exist
in SYSTEMPATH/Database/MySQLi/Connection.php on line 327.
 1 SYSTEMPATH/Database/MySQLi/Connection.php(327): mysqli->query()
 2 SYSTEMPATH/Database/BaseConnection.php(729): CodeIgniter\Database\MySQLi\Connection->execute()
 3 SYSTEMPATH/Database/BaseConnection.php(646): CodeIgniter\Database\BaseConnection->simpleQuery()
 4 SYSTEMPATH/Database/BaseBuilder.php(1649): CodeIgniter\Database\BaseConnection->query()
 5 APPPATH/Controllers/UsuariosController.php(153): CodeIgniter\Database\BaseBuilder->get()
 6 SYSTEMPATH/CodeIgniter.php(933): App\Controllers\UsuariosController->index()
 7 SYSTEMPATH/CodeIgniter.php(507): CodeIgniter\CodeIgniter->runController()
 8 SYSTEMPATH/CodeIgniter.php(354): CodeIgniter\CodeIgniter->handleRequest()
 9 SYSTEMPATH/Boot.php(363): CodeIgniter\CodeIgniter->run()
10 SYSTEMPATH/Boot.php(68): CodeIgniter\Boot::runCodeIgniter()
11 FCPATH/index.php(59): CodeIgniter\Boot::bootWeb()
DEBUG - 2026-01-14 15:00:47 --> Session: Class initialized using 'CodeIgniter\Session\Handlers\FileHandler' driver.
ERROR - 2026-01-14 15:00:47 --> mysqli_sql_exception: Table 'u502235271_appforrajes.tbl_ope_rolesDetalle' doesn't exist in /home/u502235271/domains/kachbentsystem.online/public_html/Proyect_Appforrajes/vendor/codeigniter4/framework/system/Database/MySQLi/Connection.php:327
Stack trace:
#0 /home/u502235271/domains/kachbentsystem.online/public_html/Proyect_Appforrajes/vendor/codeigniter4/framework/system/Database/MySQLi/Connection.php(327): mysqli->query()
#1 /home/u502235271/domains/kachbentsystem.online/public_html/Proyect_Appforrajes/vendor/codeigniter4/framework/system/Database/BaseConnection.php(729): CodeIgniter\Database\MySQLi\Connection->execute()
#2 /home/u502235271/domains/kachbentsystem.online/public_html/Proyect_Appforrajes/vendor/codeigniter4/framework/system/Database/BaseConnection.php(646): CodeIgniter\Database\BaseConnection->simpleQuery()
#3 /home/u502235271/domains/kachbentsystem.online/public_html/Proyect_Appforrajes/vendor/codeigniter4/framework/system/Database/BaseBuilder.php(1649): CodeIgniter\Database\BaseConnection->query()
#4 /home/u502235271/domains/kachbentsystem.online/public_html/Proyect_Appforrajes/app/Controllers/UsuariosController.php(153): CodeIgniter\Database\BaseBuilder->get()
#5 /home/u502235271/domains/kachbentsystem.online/public_html/Proyect_Appforrajes/vendor/codeigniter4/framework/system/CodeIgniter.php(933): App\Controllers\UsuariosController->index()
#6 /home/u502235271/domains/kachbentsystem.online/public_html/Proyect_Appforrajes/vendor/codeigniter4/framework/system/CodeIgniter.php(507): CodeIgniter\CodeIgniter->runController()
#7 /home/u502235271/domains/kachbentsystem.online/public_html/Proyect_Appforrajes/vendor/codeigniter4/framework/system/CodeIgniter.php(354): CodeIgniter\CodeIgniter->handleRequest()
#8 /home/u502235271/domains/kachbentsystem.online/public_html/Proyect_Appforrajes/vendor/codeigniter4/framework/system/Boot.php(363): CodeIgniter\CodeIgniter->run()
#9 /home/u502235271/domains/kachbentsystem.online/public_html/Proyect_Appforrajes/vendor/codeigniter4/framework/system/Boot.php(68): CodeIgniter\Boot::runCodeIgniter()
#10 /home/u502235271/domains/kachbentsystem.online/public_html/Proyect_Appforrajes/public/index.php(59): CodeIgniter\Boot::bootWeb()
#11 {main}
CRITICAL - 2026-01-14 15:00:47 --> CodeIgniter\Database\Exceptions\DatabaseException: Table 'u502235271_appforrajes.tbl_ope_rolesDetalle' doesn't exist
[Method: GET, Route: usuarios]
in SYSTEMPATH/Database/BaseConnection.php on line 684.
 1 SYSTEMPATH/Database/BaseBuilder.php(1649): CodeIgniter\Database\BaseConnection->query()
 2 APPPATH/Controllers/UsuariosController.php(153): CodeIgniter\Database\BaseBuilder->get()
 3 SYSTEMPATH/CodeIgniter.php(933): App\Controllers\UsuariosController->index()
 4 SYSTEMPATH/CodeIgniter.php(507): CodeIgniter\CodeIgniter->runController()
 5 SYSTEMPATH/CodeIgniter.php(354): CodeIgniter\CodeIgniter->handleRequest()
 6 SYSTEMPATH/Boot.php(363): CodeIgniter\CodeIgniter->run()
 7 SYSTEMPATH/Boot.php(68): CodeIgniter\Boot::runCodeIgniter()
 8 FCPATH/index.php(59): CodeIgniter\Boot::bootWeb()
CRITICAL - 2026-01-14 15:00:47 --> [Caused by] CodeIgniter\Database\Exceptions\DatabaseException: Table 'u502235271_appforrajes.tbl_ope_rolesDetalle' doesn't exist
in SYSTEMPATH/Database/MySQLi/Connection.php on line 332.
 1 SYSTEMPATH/Database/BaseConnection.php(729): CodeIgniter\Database\MySQLi\Connection->execute()
 2 SYSTEMPATH/Database/BaseConnection.php(646): CodeIgniter\Database\BaseConnection->simpleQuery()
 3 SYSTEMPATH/Database/BaseBuilder.php(1649): CodeIgniter\Database\BaseConnection->query()
 4 APPPATH/Controllers/UsuariosController.php(153): CodeIgniter\Database\BaseBuilder->get()
 5 SYSTEMPATH/CodeIgniter.php(933): App\Controllers\UsuariosController->index()
 6 SYSTEMPATH/CodeIgniter.php(507): CodeIgniter\CodeIgniter->runController()
 7 SYSTEMPATH/CodeIgniter.php(354): CodeIgniter\CodeIgniter->handleRequest()
 8 SYSTEMPATH/Boot.php(363): CodeIgniter\CodeIgniter->run()
 9 SYSTEMPATH/Boot.php(68): CodeIgniter\Boot::runCodeIgniter()
10 FCPATH/index.php(59): CodeIgniter\Boot::bootWeb()
CRITICAL - 2026-01-14 15:00:47 --> [Caused by] mysqli_sql_exception: Table 'u502235271_appforrajes.tbl_ope_rolesDetalle' doesn't exist
in SYSTEMPATH/Database/MySQLi/Connection.php on line 327.
 1 SYSTEMPATH/Database/MySQLi/Connection.php(327): mysqli->query()
 2 SYSTEMPATH/Database/BaseConnection.php(729): CodeIgniter\Database\MySQLi\Connection->execute()
 3 SYSTEMPATH/Database/BaseConnection.php(646): CodeIgniter\Database\BaseConnection->simpleQuery()
 4 SYSTEMPATH/Database/BaseBuilder.php(1649): CodeIgniter\Database\BaseConnection->query()
 5 APPPATH/Controllers/UsuariosController.php(153): CodeIgniter\Database\BaseBuilder->get()
 6 SYSTEMPATH/CodeIgniter.php(933): App\Controllers\UsuariosController->index()
 7 SYSTEMPATH/CodeIgniter.php(507): CodeIgniter\CodeIgniter->runController()
 8 SYSTEMPATH/CodeIgniter.php(354): CodeIgniter\CodeIgniter->handleRequest()
 9 SYSTEMPATH/Boot.php(363): CodeIgniter\CodeIgniter->run()
10 SYSTEMPATH/Boot.php(68): CodeIgniter\Boot::runCodeIgniter()
11 FCPATH/index.php(59): CodeIgniter\Boot::bootWeb()
DEBUG - 2026-01-14 15:01:57 --> Session: Class initialized using 'CodeIgniter\Session\Handlers\FileHandler' driver.
ERROR - 2026-01-14 15:01:57 --> mysqli_sql_exception: Table 'u502235271_appforrajes.tbl_ope_roledetalle' doesn't exist in /home/u502235271/domains/kachbentsystem.online/public_html/Proyect_Appforrajes/vendor/codeigniter4/framework/system/Database/MySQLi/Connection.php:327
Stack trace:
#0 /home/u502235271/domains/kachbentsystem.online/public_html/Proyect_Appforrajes/vendor/codeigniter4/framework/system/Database/MySQLi/Connection.php(327): mysqli->query()
#1 /home/u502235271/domains/kachbentsystem.online/public_html/Proyect_Appforrajes/vendor/codeigniter4/framework/system/Database/BaseConnection.php(729): CodeIgniter\Database\MySQLi\Connection->execute()
#2 /home/u502235271/domains/kachbentsystem.online/public_html/Proyect_Appforrajes/vendor/codeigniter4/framework/system/Database/BaseConnection.php(646): CodeIgniter\Database\BaseConnection->simpleQuery()
#3 /home/u502235271/domains/kachbentsystem.online/public_html/Proyect_Appforrajes/vendor/codeigniter4/framework/system/Database/BaseBuilder.php(1649): CodeIgniter\Database\BaseConnection->query()
#4 /home/u502235271/domains/kachbentsystem.online/public_html/Proyect_Appforrajes/app/Controllers/UsuariosController.php(153): CodeIgniter\Database\BaseBuilder->get()
#5 /home/u502235271/domains/kachbentsystem.online/public_html/Proyect_Appforrajes/vendor/codeigniter4/framework/system/CodeIgniter.php(933): App\Controllers\UsuariosController->index()
#6 /home/u502235271/domains/kachbentsystem.online/public_html/Proyect_Appforrajes/vendor/codeigniter4/framework/system/CodeIgniter.php(507): CodeIgniter\CodeIgniter->runController()
#7 /home/u502235271/domains/kachbentsystem.online/public_html/Proyect_Appforrajes/vendor/codeigniter4/framework/system/CodeIgniter.php(354): CodeIgniter\CodeIgniter->handleRequest()
#8 /home/u502235271/domains/kachbentsystem.online/public_html/Proyect_Appforrajes/vendor/codeigniter4/framework/system/Boot.php(363): CodeIgniter\CodeIgniter->run()
#9 /home/u502235271/domains/kachbentsystem.online/public_html/Proyect_Appforrajes/vendor/codeigniter4/framework/system/Boot.php(68): CodeIgniter\Boot::runCodeIgniter()
#10 /home/u502235271/domains/kachbentsystem.online/public_html/Proyect_Appforrajes/public/index.php(59): CodeIgniter\Boot::bootWeb()
#11 {main}
CRITICAL - 2026-01-14 15:01:57 --> CodeIgniter\Database\Exceptions\DatabaseException: Table 'u502235271_appforrajes.tbl_ope_roledetalle' doesn't exist
[Method: GET, Route: usuarios]
in SYSTEMPATH/Database/BaseConnection.php on line 684.
 1 SYSTEMPATH/Database/BaseBuilder.php(1649): CodeIgniter\Database\BaseConnection->query()
 2 APPPATH/Controllers/UsuariosController.php(153): CodeIgniter\Database\BaseBuilder->get()
 3 SYSTEMPATH/CodeIgniter.php(933): App\Controllers\UsuariosController->index()
 4 SYSTEMPATH/CodeIgniter.php(507): CodeIgniter\CodeIgniter->runController()
 5 SYSTEMPATH/CodeIgniter.php(354): CodeIgniter\CodeIgniter->handleRequest()
 6 SYSTEMPATH/Boot.php(363): CodeIgniter\CodeIgniter->run()
 7 SYSTEMPATH/Boot.php(68): CodeIgniter\Boot::runCodeIgniter()
 8 FCPATH/index.php(59): CodeIgniter\Boot::bootWeb()
CRITICAL - 2026-01-14 15:01:57 --> [Caused by] CodeIgniter\Database\Exceptions\DatabaseException: Table 'u502235271_appforrajes.tbl_ope_roledetalle' doesn't exist
in SYSTEMPATH/Database/MySQLi/Connection.php on line 332.
 1 SYSTEMPATH/Database/BaseConnection.php(729): CodeIgniter\Database\MySQLi\Connection->execute()
 2 SYSTEMPATH/Database/BaseConnection.php(646): CodeIgniter\Database\BaseConnection->simpleQuery()
 3 SYSTEMPATH/Database/BaseBuilder.php(1649): CodeIgniter\Database\BaseConnection->query()
 4 APPPATH/Controllers/UsuariosController.php(153): CodeIgniter\Database\BaseBuilder->get()
 5 SYSTEMPATH/CodeIgniter.php(933): App\Controllers\UsuariosController->index()
 6 SYSTEMPATH/CodeIgniter.php(507): CodeIgniter\CodeIgniter->runController()
 7 SYSTEMPATH/CodeIgniter.php(354): CodeIgniter\CodeIgniter->handleRequest()
 8 SYSTEMPATH/Boot.php(363): CodeIgniter\CodeIgniter->run()
 9 SYSTEMPATH/Boot.php(68): CodeIgniter\Boot::runCodeIgniter()
10 FCPATH/index.php(59): CodeIgniter\Boot::bootWeb()
CRITICAL - 2026-01-14 15:01:57 --> [Caused by] mysqli_sql_exception: Table 'u502235271_appforrajes.tbl_ope_roledetalle' doesn't exist
in SYSTEMPATH/Database/MySQLi/Connection.php on line 327.
 1 SYSTEMPATH/Database/MySQLi/Connection.php(327): mysqli->query()
 2 SYSTEMPATH/Database/BaseConnection.php(729): CodeIgniter\Database\MySQLi\Connection->execute()
 3 SYSTEMPATH/Database/BaseConnection.php(646): CodeIgniter\Database\BaseConnection->simpleQuery()
 4 SYSTEMPATH/Database/BaseBuilder.php(1649): CodeIgniter\Database\BaseConnection->query()
 5 APPPATH/Controllers/UsuariosController.php(153): CodeIgniter\Database\BaseBuilder->get()
 6 SYSTEMPATH/CodeIgniter.php(933): App\Controllers\UsuariosController->index()
 7 SYSTEMPATH/CodeIgniter.php(507): CodeIgniter\CodeIgniter->runController()
 8 SYSTEMPATH/CodeIgniter.php(354): CodeIgniter\CodeIgniter->handleRequest()
 9 SYSTEMPATH/Boot.php(363): CodeIgniter\CodeIgniter->run()
10 SYSTEMPATH/Boot.php(68): CodeIgniter\Boot::runCodeIgniter()
11 FCPATH/index.php(59): CodeIgniter\Boot::bootWeb()
DEBUG - 2026-01-14 15:03:08 --> Session: Class initialized using 'CodeIgniter\Session\Handlers\FileHandler' driver.
ERROR - 2026-01-14 15:03:08 --> mysqli_sql_exception: Table 'u502235271_appforrajes.tbl_ope_roledetalle' doesn't exist in /home/u502235271/domains/kachbentsystem.online/public_html/Proyect_Appforrajes/vendor/codeigniter4/framework/system/Database/MySQLi/Connection.php:327
Stack trace:
#0 /home/u502235271/domains/kachbentsystem.online/public_html/Proyect_Appforrajes/vendor/codeigniter4/framework/system/Database/MySQLi/Connection.php(327): mysqli->query()
#1 /home/u502235271/domains/kachbentsystem.online/public_html/Proyect_Appforrajes/vendor/codeigniter4/framework/system/Database/BaseConnection.php(729): CodeIgniter\Database\MySQLi\Connection->execute()
#2 /home/u502235271/domains/kachbentsystem.online/public_html/Proyect_Appforrajes/vendor/codeigniter4/framework/system/Database/BaseConnection.php(646): CodeIgniter\Database\BaseConnection->simpleQuery()
#3 /home/u502235271/domains/kachbentsystem.online/public_html/Proyect_Appforrajes/vendor/codeigniter4/framework/system/Database/BaseBuilder.php(1649): CodeIgniter\Database\BaseConnection->query()
#4 /home/u502235271/domains/kachbentsystem.online/public_html/Proyect_Appforrajes/app/Controllers/UsuariosController.php(153): CodeIgniter\Database\BaseBuilder->get()
#5 /home/u502235271/domains/kachbentsystem.online/public_html/Proyect_Appforrajes/vendor/codeigniter4/framework/system/CodeIgniter.php(933): App\Controllers\UsuariosController->index()
#6 /home/u502235271/domains/kachbentsystem.online/public_html/Proyect_Appforrajes/vendor/codeigniter4/framework/system/CodeIgniter.php(507): CodeIgniter\CodeIgniter->runController()
#7 /home/u502235271/domains/kachbentsystem.online/public_html/Proyect_Appforrajes/vendor/codeigniter4/framework/system/CodeIgniter.php(354): CodeIgniter\CodeIgniter->handleRequest()
#8 /home/u502235271/domains/kachbentsystem.online/public_html/Proyect_Appforrajes/vendor/codeigniter4/framework/system/Boot.php(363): CodeIgniter\CodeIgniter->run()
#9 /home/u502235271/domains/kachbentsystem.online/public_html/Proyect_Appforrajes/vendor/codeigniter4/framework/system/Boot.php(68): CodeIgniter\Boot::runCodeIgniter()
#10 /home/u502235271/domains/kachbentsystem.online/public_html/Proyect_Appforrajes/public/index.php(59): CodeIgniter\Boot::bootWeb()
#11 {main}
CRITICAL - 2026-01-14 15:03:08 --> CodeIgniter\Database\Exceptions\DatabaseException: Table 'u502235271_appforrajes.tbl_ope_roledetalle' doesn't exist
[Method: GET, Route: usuarios]
in SYSTEMPATH/Database/BaseConnection.php on line 684.
 1 SYSTEMPATH/Database/BaseBuilder.php(1649): CodeIgniter\Database\BaseConnection->query()
 2 APPPATH/Controllers/UsuariosController.php(153): CodeIgniter\Database\BaseBuilder->get()
 3 SYSTEMPATH/CodeIgniter.php(933): App\Controllers\UsuariosController->index()
 4 SYSTEMPATH/CodeIgniter.php(507): CodeIgniter\CodeIgniter->runController()
 5 SYSTEMPATH/CodeIgniter.php(354): CodeIgniter\CodeIgniter->handleRequest()
 6 SYSTEMPATH/Boot.php(363): CodeIgniter\CodeIgniter->run()
 7 SYSTEMPATH/Boot.php(68): CodeIgniter\Boot::runCodeIgniter()
 8 FCPATH/index.php(59): CodeIgniter\Boot::bootWeb()
CRITICAL - 2026-01-14 15:03:08 --> [Caused by] CodeIgniter\Database\Exceptions\DatabaseException: Table 'u502235271_appforrajes.tbl_ope_roledetalle' doesn't exist
in SYSTEMPATH/Database/MySQLi/Connection.php on line 332.
 1 SYSTEMPATH/Database/BaseConnection.php(729): CodeIgniter\Database\MySQLi\Connection->execute()
 2 SYSTEMPATH/Database/BaseConnection.php(646): CodeIgniter\Database\BaseConnection->simpleQuery()
 3 SYSTEMPATH/Database/BaseBuilder.php(1649): CodeIgniter\Database\BaseConnection->query()
 4 APPPATH/Controllers/UsuariosController.php(153): CodeIgniter\Database\BaseBuilder->get()
 5 SYSTEMPATH/CodeIgniter.php(933): App\Controllers\UsuariosController->index()
 6 SYSTEMPATH/CodeIgniter.php(507): CodeIgniter\CodeIgniter->runController()
 7 SYSTEMPATH/CodeIgniter.php(354): CodeIgniter\CodeIgniter->handleRequest()
 8 SYSTEMPATH/Boot.php(363): CodeIgniter\CodeIgniter->run()
 9 SYSTEMPATH/Boot.php(68): CodeIgniter\Boot::runCodeIgniter()
10 FCPATH/index.php(59): CodeIgniter\Boot::bootWeb()
CRITICAL - 2026-01-14 15:03:08 --> [Caused by] mysqli_sql_exception: Table 'u502235271_appforrajes.tbl_ope_roledetalle' doesn't exist
in SYSTEMPATH/Database/MySQLi/Connection.php on line 327.
 1 SYSTEMPATH/Database/MySQLi/Connection.php(327): mysqli->query()
 2 SYSTEMPATH/Database/BaseConnection.php(729): CodeIgniter\Database\MySQLi\Connection->execute()
 3 SYSTEMPATH/Database/BaseConnection.php(646): CodeIgniter\Database\BaseConnection->simpleQuery()
 4 SYSTEMPATH/Database/BaseBuilder.php(1649): CodeIgniter\Database\BaseConnection->query()
 5 APPPATH/Controllers/UsuariosController.php(153): CodeIgniter\Database\BaseBuilder->get()
 6 SYSTEMPATH/CodeIgniter.php(933): App\Controllers\UsuariosController->index()
 7 SYSTEMPATH/CodeIgniter.php(507): CodeIgniter\CodeIgniter->runController()
 8 SYSTEMPATH/CodeIgniter.php(354): CodeIgniter\CodeIgniter->handleRequest()
 9 SYSTEMPATH/Boot.php(363): CodeIgniter\CodeIgniter->run()
10 SYSTEMPATH/Boot.php(68): CodeIgniter\Boot::runCodeIgniter()
11 FCPATH/index.php(59): CodeIgniter\Boot::bootWeb()
DEBUG - 2026-01-14 15:03:08 --> Session: Class initialized using 'CodeIgniter\Session\Handlers\FileHandler' driver.
ERROR - 2026-01-14 15:03:08 --> mysqli_sql_exception: Table 'u502235271_appforrajes.tbl_ope_roledetalle' doesn't exist in /home/u502235271/domains/kachbentsystem.online/public_html/Proyect_Appforrajes/vendor/codeigniter4/framework/system/Database/MySQLi/Connection.php:327
Stack trace:
#0 /home/u502235271/domains/kachbentsystem.online/public_html/Proyect_Appforrajes/vendor/codeigniter4/framework/system/Database/MySQLi/Connection.php(327): mysqli->query()
#1 /home/u502235271/domains/kachbentsystem.online/public_html/Proyect_Appforrajes/vendor/codeigniter4/framework/system/Database/BaseConnection.php(729): CodeIgniter\Database\MySQLi\Connection->execute()
#2 /home/u502235271/domains/kachbentsystem.online/public_html/Proyect_Appforrajes/vendor/codeigniter4/framework/system/Database/BaseConnection.php(646): CodeIgniter\Database\BaseConnection->simpleQuery()
#3 /home/u502235271/domains/kachbentsystem.online/public_html/Proyect_Appforrajes/vendor/codeigniter4/framework/system/Database/BaseBuilder.php(1649): CodeIgniter\Database\BaseConnection->query()
#4 /home/u502235271/domains/kachbentsystem.online/public_html/Proyect_Appforrajes/app/Controllers/UsuariosController.php(153): CodeIgniter\Database\BaseBuilder->get()
#5 /home/u502235271/domains/kachbentsystem.online/public_html/Proyect_Appforrajes/vendor/codeigniter4/framework/system/CodeIgniter.php(933): App\Controllers\UsuariosController->index()
#6 /home/u502235271/domains/kachbentsystem.online/public_html/Proyect_Appforrajes/vendor/codeigniter4/framework/system/CodeIgniter.php(507): CodeIgniter\CodeIgniter->runController()
#7 /home/u502235271/domains/kachbentsystem.online/public_html/Proyect_Appforrajes/vendor/codeigniter4/framework/system/CodeIgniter.php(354): CodeIgniter\CodeIgniter->handleRequest()
#8 /home/u502235271/domains/kachbentsystem.online/public_html/Proyect_Appforrajes/vendor/codeigniter4/framework/system/Boot.php(363): CodeIgniter\CodeIgniter->run()
#9 /home/u502235271/domains/kachbentsystem.online/public_html/Proyect_Appforrajes/vendor/codeigniter4/framework/system/Boot.php(68): CodeIgniter\Boot::runCodeIgniter()
#10 /home/u502235271/domains/kachbentsystem.online/public_html/Proyect_Appforrajes/public/index.php(59): CodeIgniter\Boot::bootWeb()
#11 {main}
CRITICAL - 2026-01-14 15:03:08 --> CodeIgniter\Database\Exceptions\DatabaseException: Table 'u502235271_appforrajes.tbl_ope_roledetalle' doesn't exist
[Method: GET, Route: usuarios]
in SYSTEMPATH/Database/BaseConnection.php on line 684.
 1 SYSTEMPATH/Database/BaseBuilder.php(1649): CodeIgniter\Database\BaseConnection->query()
 2 APPPATH/Controllers/UsuariosController.php(153): CodeIgniter\Database\BaseBuilder->get()
 3 SYSTEMPATH/CodeIgniter.php(933): App\Controllers\UsuariosController->index()
 4 SYSTEMPATH/CodeIgniter.php(507): CodeIgniter\CodeIgniter->runController()
 5 SYSTEMPATH/CodeIgniter.php(354): CodeIgniter\CodeIgniter->handleRequest()
 6 SYSTEMPATH/Boot.php(363): CodeIgniter\CodeIgniter->run()
 7 SYSTEMPATH/Boot.php(68): CodeIgniter\Boot::runCodeIgniter()
 8 FCPATH/index.php(59): CodeIgniter\Boot::bootWeb()
CRITICAL - 2026-01-14 15:03:08 --> [Caused by] CodeIgniter\Database\Exceptions\DatabaseException: Table 'u502235271_appforrajes.tbl_ope_roledetalle' doesn't exist
in SYSTEMPATH/Database/MySQLi/Connection.php on line 332.
 1 SYSTEMPATH/Database/BaseConnection.php(729): CodeIgniter\Database\MySQLi\Connection->execute()
 2 SYSTEMPATH/Database/BaseConnection.php(646): CodeIgniter\Database\BaseConnection->simpleQuery()
 3 SYSTEMPATH/Database/BaseBuilder.php(1649): CodeIgniter\Database\BaseConnection->query()
 4 APPPATH/Controllers/UsuariosController.php(153): CodeIgniter\Database\BaseBuilder->get()
 5 SYSTEMPATH/CodeIgniter.php(933): App\Controllers\UsuariosController->index()
 6 SYSTEMPATH/CodeIgniter.php(507): CodeIgniter\CodeIgniter->runController()
 7 SYSTEMPATH/CodeIgniter.php(354): CodeIgniter\CodeIgniter->handleRequest()
 8 SYSTEMPATH/Boot.php(363): CodeIgniter\CodeIgniter->run()
 9 SYSTEMPATH/Boot.php(68): CodeIgniter\Boot::runCodeIgniter()
10 FCPATH/index.php(59): CodeIgniter\Boot::bootWeb()
CRITICAL - 2026-01-14 15:03:08 --> [Caused by] mysqli_sql_exception: Table 'u502235271_appforrajes.tbl_ope_roledetalle' doesn't exist
in SYSTEMPATH/Database/MySQLi/Connection.php on line 327.
 1 SYSTEMPATH/Database/MySQLi/Connection.php(327): mysqli->query()
 2 SYSTEMPATH/Database/BaseConnection.php(729): CodeIgniter\Database\MySQLi\Connection->execute()
 3 SYSTEMPATH/Database/BaseConnection.php(646): CodeIgniter\Database\BaseConnection->simpleQuery()
 4 SYSTEMPATH/Database/BaseBuilder.php(1649): CodeIgniter\Database\BaseConnection->query()
 5 APPPATH/Controllers/UsuariosController.php(153): CodeIgniter\Database\BaseBuilder->get()
 6 SYSTEMPATH/CodeIgniter.php(933): App\Controllers\UsuariosController->index()
 7 SYSTEMPATH/CodeIgniter.php(507): CodeIgniter\CodeIgniter->runController()
 8 SYSTEMPATH/CodeIgniter.php(354): CodeIgniter\CodeIgniter->handleRequest()
 9 SYSTEMPATH/Boot.php(363): CodeIgniter\CodeIgniter->run()
10 SYSTEMPATH/Boot.php(68): CodeIgniter\Boot::runCodeIgniter()
11 FCPATH/index.php(59): CodeIgniter\Boot::bootWeb()
DEBUG - 2026-01-14 15:05:33 --> Session: Class initialized using 'CodeIgniter\Session\Handlers\FileHandler' driver.
CRITICAL - 2026-01-14 15:05:33 --> CodeIgniter\View\Exceptions\ViewException: Invalid file: "components/table.php"
[Method: GET, Route: usuarios]
in SYSTEMPATH/Exceptions/FrameworkException.php on line 39.
 1 SYSTEMPATH/View/View.php(214): CodeIgniter\Exceptions\FrameworkException::forInvalidFile()
 2 SYSTEMPATH/Common.php(1167): CodeIgniter\View\View->render()
 3 APPPATH/Views/Categorias/inicio_usuarios.php(35): view()
 4 SYSTEMPATH/View/View.php(226): include('/home/u502235271/domains/kachbentsystem.online/public_html/Proyect_Appforrajes/app/Views/Categorias/inicio_usuarios.php')
 5 SYSTEMPATH/View/View.php(229): CodeIgniter\View\View->CodeIgniter\View\{closure}()
 6 SYSTEMPATH/Common.php(1167): CodeIgniter\View\View->render()
 7 APPPATH/Controllers/UsuariosController.php(241): view()
 8 SYSTEMPATH/CodeIgniter.php(933): App\Controllers\UsuariosController->index()
 9 SYSTEMPATH/CodeIgniter.php(507): CodeIgniter\CodeIgniter->runController()
10 SYSTEMPATH/CodeIgniter.php(354): CodeIgniter\CodeIgniter->handleRequest()
11 SYSTEMPATH/Boot.php(363): CodeIgniter\CodeIgniter->run()
12 SYSTEMPATH/Boot.php(68): CodeIgniter\Boot::runCodeIgniter()
13 FCPATH/index.php(59): CodeIgniter\Boot::bootWeb()
DEBUG - 2026-01-14 15:06:16 --> Session: Class initialized using 'CodeIgniter\Session\Handlers\FileHandler' driver.
DEBUG - 2026-01-14 15:06:21 --> Session: Class initialized using 'CodeIgniter\Session\Handlers\FileHandler' driver.
DEBUG - 2026-01-14 15:06:21 --> Session: Class initialized using 'CodeIgniter\Session\Handlers\FileHandler' driver.
DEBUG - 2026-01-14 15:06:25 --> Session: Class initialized using 'CodeIgniter\Session\Handlers\FileHandler' driver.
DEBUG - 2026-01-14 15:06:25 --> Session: Class initialized using 'CodeIgniter\Session\Handlers\FileHandler' driver.
DEBUG - 2026-01-14 15:06:26 --> Session: Class initialized using 'CodeIgniter\Session\Handlers\FileHandler' driver.
DEBUG - 2026-01-14 15:06:33 --> Session: Class initialized using 'CodeIgniter\Session\Handlers\FileHandler' driver.
DEBUG - 2026-01-14 15:06:33 --> Session: Class initialized using 'CodeIgniter\Session\Handlers\FileHandler' driver.
DEBUG - 2026-01-14 15:06:37 --> Session: Class initialized using 'CodeIgniter\Session\Handlers\FileHandler' driver.
DEBUG - 2026-01-14 15:06:38 --> Session: Class initialized using 'CodeIgniter\Session\Handlers\FileHandler' driver.
DEBUG - 2026-01-14 15:06:42 --> Session: Class initialized using 'CodeIgniter\Session\Handlers\FileHandler' driver.
CRITICAL - 2026-01-14 15:06:42 --> CodeIgniter\View\Exceptions\ViewException: Invalid file: "tipoproducto/inicio_categoria_tipo_producto.php"
[Method: GET, Route: categorias/tipoproducto]
in SYSTEMPATH/Exceptions/FrameworkException.php on line 39.
 1 SYSTEMPATH/View/View.php(214): CodeIgniter\Exceptions\FrameworkException::forInvalidFile()
 2 SYSTEMPATH/Common.php(1167): CodeIgniter\View\View->render()
 3 APPPATH/Controllers/TipoproductoController.php(54): view()
 4 SYSTEMPATH/CodeIgniter.php(933): App\Controllers\TipoproductoController->index()
 5 SYSTEMPATH/CodeIgniter.php(507): CodeIgniter\CodeIgniter->runController()
 6 SYSTEMPATH/CodeIgniter.php(354): CodeIgniter\CodeIgniter->handleRequest()
 7 SYSTEMPATH/Boot.php(363): CodeIgniter\CodeIgniter->run()
 8 SYSTEMPATH/Boot.php(68): CodeIgniter\Boot::runCodeIgniter()
 9 FCPATH/index.php(59): CodeIgniter\Boot::bootWeb()
DEBUG - 2026-01-14 15:07:44 --> Session: Class initialized using 'CodeIgniter\Session\Handlers\FileHandler' driver.
DEBUG - 2026-01-14 15:07:48 --> Session: Class initialized using 'CodeIgniter\Session\Handlers\FileHandler' driver.
DEBUG - 2026-01-14 15:07:48 --> Session: Class initialized using 'CodeIgniter\Session\Handlers\FileHandler' driver.
DEBUG - 2026-01-14 15:07:50 --> Session: Class initialized using 'CodeIgniter\Session\Handlers\FileHandler' driver.
DEBUG - 2026-01-14 15:07:50 --> Session: Class initialized using 'CodeIgniter\Session\Handlers\FileHandler' driver.
DEBUG - 2026-01-14 15:07:53 --> Session: Class initialized using 'CodeIgniter\Session\Handlers\FileHandler' driver.
DEBUG - 2026-01-14 15:07:53 --> Session: Class initialized using 'CodeIgniter\Session\Handlers\FileHandler' driver.
DEBUG - 2026-01-14 15:08:01 --> Session: Class initialized using 'CodeIgniter\Session\Handlers\FileHandler' driver.
DEBUG - 2026-01-14 15:08:01 --> Session: Class initialized using 'CodeIgniter\Session\Handlers\FileHandler' driver.
DEBUG - 2026-01-14 15:08:07 --> Session: Class initialized using 'CodeIgniter\Session\Handlers\FileHandler' driver.
CRITICAL - 2026-01-14 15:08:07 --> CodeIgniter\View\Exceptions\ViewException: Invalid file: "categorias/inicio_roles.php"
[Method: GET, Route: categorias/roles]
in SYSTEMPATH/Exceptions/FrameworkException.php on line 39.
 1 SYSTEMPATH/View/View.php(214): CodeIgniter\Exceptions\FrameworkException::forInvalidFile()
 2 SYSTEMPATH/Common.php(1167): CodeIgniter\View\View->render()
 3 APPPATH/Controllers/RolesController.php(31): view()
 4 SYSTEMPATH/CodeIgniter.php(933): App\Controllers\RolesController->index()
 5 SYSTEMPATH/CodeIgniter.php(507): CodeIgniter\CodeIgniter->runController()
 6 SYSTEMPATH/CodeIgniter.php(354): CodeIgniter\CodeIgniter->handleRequest()
 7 SYSTEMPATH/Boot.php(363): CodeIgniter\CodeIgniter->run()
 8 SYSTEMPATH/Boot.php(68): CodeIgniter\Boot::runCodeIgniter()
 9 FCPATH/index.php(59): CodeIgniter\Boot::bootWeb()
DEBUG - 2026-01-14 15:08:19 --> Session: Class initialized using 'CodeIgniter\Session\Handlers\FileHandler' driver.
CRITICAL - 2026-01-14 15:08:19 --> CodeIgniter\View\Exceptions\ViewException: Invalid file: "components/Table.php"
[Method: GET, Route: categorias/roles]
in SYSTEMPATH/Exceptions/FrameworkException.php on line 39.
 1 SYSTEMPATH/View/View.php(214): CodeIgniter\Exceptions\FrameworkException::forInvalidFile()
 2 SYSTEMPATH/Common.php(1167): CodeIgniter\View\View->render()
 3 APPPATH/Views/categorias/inicio_roles.php(122): view()
 4 SYSTEMPATH/View/View.php(226): include('/home/u502235271/domains/kachbentsystem.online/public_html/Proyect_Appforrajes/app/Views/categorias/inicio_roles.php')
 5 SYSTEMPATH/View/View.php(229): CodeIgniter\View\View->CodeIgniter\View\{closure}()
 6 SYSTEMPATH/Common.php(1167): CodeIgniter\View\View->render()
 7 APPPATH/Controllers/RolesController.php(31): view()
 8 SYSTEMPATH/CodeIgniter.php(933): App\Controllers\RolesController->index()
 9 SYSTEMPATH/CodeIgniter.php(507): CodeIgniter\CodeIgniter->runController()
10 SYSTEMPATH/CodeIgniter.php(354): CodeIgniter\CodeIgniter->handleRequest()
11 SYSTEMPATH/Boot.php(363): CodeIgniter\CodeIgniter->run()
12 SYSTEMPATH/Boot.php(68): CodeIgniter\Boot::runCodeIgniter()
13 FCPATH/index.php(59): CodeIgniter\Boot::bootWeb()
DEBUG - 2026-01-14 15:08:46 --> Session: Class initialized using 'CodeIgniter\Session\Handlers\FileHandler' driver.
DEBUG - 2026-01-14 15:08:49 --> Session: Class initialized using 'CodeIgniter\Session\Handlers\FileHandler' driver.
CRITICAL - 2026-01-14 15:08:49 --> CodeIgniter\View\Exceptions\ViewException: Invalid file: "components/Table.php"
[Method: GET, Route: categorias/roles]
in SYSTEMPATH/Exceptions/FrameworkException.php on line 39.
 1 SYSTEMPATH/View/View.php(214): CodeIgniter\Exceptions\FrameworkException::forInvalidFile()
 2 SYSTEMPATH/Common.php(1167): CodeIgniter\View\View->render()
 3 APPPATH/Views/categorias/inicio_roles.php(122): view()
 4 SYSTEMPATH/View/View.php(226): include('/home/u502235271/domains/kachbentsystem.online/public_html/Proyect_Appforrajes/app/Views/categorias/inicio_roles.php')
 5 SYSTEMPATH/View/View.php(229): CodeIgniter\View\View->CodeIgniter\View\{closure}()
 6 SYSTEMPATH/Common.php(1167): CodeIgniter\View\View->render()
 7 APPPATH/Controllers/RolesController.php(31): view()
 8 SYSTEMPATH/CodeIgniter.php(933): App\Controllers\RolesController->index()
 9 SYSTEMPATH/CodeIgniter.php(507): CodeIgniter\CodeIgniter->runController()
10 SYSTEMPATH/CodeIgniter.php(354): CodeIgniter\CodeIgniter->handleRequest()
11 SYSTEMPATH/Boot.php(363): CodeIgniter\CodeIgniter->run()
12 SYSTEMPATH/Boot.php(68): CodeIgniter\Boot::runCodeIgniter()
13 FCPATH/index.php(59): CodeIgniter\Boot::bootWeb()
DEBUG - 2026-01-14 15:09:36 --> Session: Class initialized using 'CodeIgniter\Session\Handlers\FileHandler' driver.
DEBUG - 2026-01-14 15:09:40 --> Session: Class initialized using 'CodeIgniter\Session\Handlers\FileHandler' driver.
DEBUG - 2026-01-14 15:09:40 --> Session: Class initialized using 'CodeIgniter\Session\Handlers\FileHandler' driver.
DEBUG - 2026-01-14 15:09:42 --> Session: Class initialized using 'CodeIgniter\Session\Handlers\FileHandler' driver.
DEBUG - 2026-01-14 15:09:42 --> Session: Class initialized using 'CodeIgniter\Session\Handlers\FileHandler' driver.
INFO - 2026-01-14 15:09:45 --> CSRF token verified.
DEBUG - 2026-01-14 15:09:45 --> Session: Class initialized using 'CodeIgniter\Session\Handlers\FileHandler' driver.
DEBUG - 2026-01-14 15:09:46 --> Session: Class initialized using 'CodeIgniter\Session\Handlers\FileHandler' driver.
INFO - 2026-01-14 15:09:49 --> CSRF token verified.
DEBUG - 2026-01-14 15:09:49 --> Session: Class initialized using 'CodeIgniter\Session\Handlers\FileHandler' driver.
DEBUG - 2026-01-14 15:09:49 --> Session: Class initialized using 'CodeIgniter\Session\Handlers\FileHandler' driver.
DEBUG - 2026-01-14 15:09:57 --> Session: Class initialized using 'CodeIgniter\Session\Handlers\FileHandler' driver.
CRITICAL - 2026-01-14 15:09:57 --> CodeIgniter\View\Exceptions\ViewException: Invalid file: "components/Table.php"
[Method: GET, Route: categorias/promocion-descuentos]
in SYSTEMPATH/Exceptions/FrameworkException.php on line 39.
 1 SYSTEMPATH/View/View.php(214): CodeIgniter\Exceptions\FrameworkException::forInvalidFile()
 2 SYSTEMPATH/Common.php(1167): CodeIgniter\View\View->render()
 3 APPPATH/Views/categorias/promocion_descuentos/index.php(15): view()
 4 SYSTEMPATH/View/View.php(226): include('/home/u502235271/domains/kachbentsystem.online/public_html/Proyect_Appforrajes/app/Views/categorias/promocion_descuentos/index.php')
 5 SYSTEMPATH/View/View.php(229): CodeIgniter\View\View->CodeIgniter\View\{closure}()
 6 SYSTEMPATH/Common.php(1167): CodeIgniter\View\View->render()
 7 APPPATH/Controllers/PromocionDescuentosController.php(96): view()
 8 SYSTEMPATH/CodeIgniter.php(933): App\Controllers\PromocionDescuentosController->index()
 9 SYSTEMPATH/CodeIgniter.php(507): CodeIgniter\CodeIgniter->runController()
10 SYSTEMPATH/CodeIgniter.php(354): CodeIgniter\CodeIgniter->handleRequest()
11 SYSTEMPATH/Boot.php(363): CodeIgniter\CodeIgniter->run()
12 SYSTEMPATH/Boot.php(68): CodeIgniter\Boot::runCodeIgniter()
13 FCPATH/index.php(59): CodeIgniter\Boot::bootWeb()
DEBUG - 2026-01-14 15:10:06 --> Session: Class initialized using 'CodeIgniter\Session\Handlers\FileHandler' driver.
DEBUG - 2026-01-14 15:10:10 --> Session: Class initialized using 'CodeIgniter\Session\Handlers\FileHandler' driver.
CRITICAL - 2026-01-14 15:10:10 --> CodeIgniter\View\Exceptions\ViewException: Invalid file: "components/Table.php"
[Method: GET, Route: categorias/promocion-descuentos]
in SYSTEMPATH/Exceptions/FrameworkException.php on line 39.
 1 SYSTEMPATH/View/View.php(214): CodeIgniter\Exceptions\FrameworkException::forInvalidFile()
 2 SYSTEMPATH/Common.php(1167): CodeIgniter\View\View->render()
 3 APPPATH/Views/categorias/promocion_descuentos/index.php(15): view()
 4 SYSTEMPATH/View/View.php(226): include('/home/u502235271/domains/kachbentsystem.online/public_html/Proyect_Appforrajes/app/Views/categorias/promocion_descuentos/index.php')
 5 SYSTEMPATH/View/View.php(229): CodeIgniter\View\View->CodeIgniter\View\{closure}()
 6 SYSTEMPATH/Common.php(1167): CodeIgniter\View\View->render()
 7 APPPATH/Controllers/PromocionDescuentosController.php(96): view()
 8 SYSTEMPATH/CodeIgniter.php(933): App\Controllers\PromocionDescuentosController->index()
 9 SYSTEMPATH/CodeIgniter.php(507): CodeIgniter\CodeIgniter->runController()
10 SYSTEMPATH/CodeIgniter.php(354): CodeIgniter\CodeIgniter->handleRequest()
11 SYSTEMPATH/Boot.php(363): CodeIgniter\CodeIgniter->run()
12 SYSTEMPATH/Boot.php(68): CodeIgniter\Boot::runCodeIgniter()
13 FCPATH/index.php(59): CodeIgniter\Boot::bootWeb()
DEBUG - 2026-01-14 15:10:22 --> Session: Class initialized using 'CodeIgniter\Session\Handlers\FileHandler' driver.
DEBUG - 2026-01-14 15:10:24 --> Session: Class initialized using 'CodeIgniter\Session\Handlers\FileHandler' driver.
DEBUG - 2026-01-14 15:10:24 --> Session: Class initialized using 'CodeIgniter\Session\Handlers\FileHandler' driver.
DEBUG - 2026-01-14 15:10:26 --> Session: Class initialized using 'CodeIgniter\Session\Handlers\FileHandler' driver.
DEBUG - 2026-01-14 15:10:26 --> Session: Class initialized using 'CodeIgniter\Session\Handlers\FileHandler' driver.
DEBUG - 2026-01-14 15:10:29 --> Session: Class initialized using 'CodeIgniter\Session\Handlers\FileHandler' driver.
CRITICAL - 2026-01-14 15:10:29 --> CodeIgniter\View\Exceptions\ViewException: Invalid file: "components/Table.php"
[Method: GET, Route: categorias/unidad-medida]
in SYSTEMPATH/Exceptions/FrameworkException.php on line 39.
 1 SYSTEMPATH/View/View.php(214): CodeIgniter\Exceptions\FrameworkException::forInvalidFile()
 2 SYSTEMPATH/Common.php(1167): CodeIgniter\View\View->render()
 3 APPPATH/Views/categorias/unidad_medida/index.php(15): view()
 4 SYSTEMPATH/View/View.php(226): include('/home/u502235271/domains/kachbentsystem.online/public_html/Proyect_Appforrajes/app/Views/categorias/unidad_medida/index.php')
 5 SYSTEMPATH/View/View.php(229): CodeIgniter\View\View->CodeIgniter\View\{closure}()
 6 SYSTEMPATH/Common.php(1167): CodeIgniter\View\View->render()
 7 APPPATH/Controllers/UnidadMedidaController.php(104): view()
 8 SYSTEMPATH/CodeIgniter.php(933): App\Controllers\UnidadMedidaController->index()
 9 SYSTEMPATH/CodeIgniter.php(507): CodeIgniter\CodeIgniter->runController()
10 SYSTEMPATH/CodeIgniter.php(354): CodeIgniter\CodeIgniter->handleRequest()
11 SYSTEMPATH/Boot.php(363): CodeIgniter\CodeIgniter->run()
12 SYSTEMPATH/Boot.php(68): CodeIgniter\Boot::runCodeIgniter()
13 FCPATH/index.php(59): CodeIgniter\Boot::bootWeb()
DEBUG - 2026-01-14 15:10:45 --> Session: Class initialized using 'CodeIgniter\Session\Handlers\FileHandler' driver.
DEBUG - 2026-01-14 15:10:48 --> Session: Class initialized using 'CodeIgniter\Session\Handlers\FileHandler' driver.
DEBUG - 2026-01-14 15:10:48 --> Session: Class initialized using 'CodeIgniter\Session\Handlers\FileHandler' driver.
DEBUG - 2026-01-14 15:10:51 --> Session: Class initialized using 'CodeIgniter\Session\Handlers\FileHandler' driver.
DEBUG - 2026-01-14 15:10:51 --> Session: Class initialized using 'CodeIgniter\Session\Handlers\FileHandler' driver.
DEBUG - 2026-01-14 15:10:57 --> Session: Class initialized using 'CodeIgniter\Session\Handlers\FileHandler' driver.
DEBUG - 2026-01-14 15:11:08 --> Session: Class initialized using 'CodeIgniter\Session\Handlers\FileHandler' driver.
DEBUG - 2026-01-14 15:11:08 --> Session: Class initialized using 'CodeIgniter\Session\Handlers\FileHandler' driver.
DEBUG - 2026-01-14 15:11:09 --> Session: Class initialized using 'CodeIgniter\Session\Handlers\FileHandler' driver.
INFO - 2026-01-14 15:11:12 --> CSRF token verified.
DEBUG - 2026-01-14 15:11:12 --> Session: Class initialized using 'CodeIgniter\Session\Handlers\FileHandler' driver.
DEBUG - 2026-01-14 15:11:12 --> Session: Class initialized using 'CodeIgniter\Session\Handlers\FileHandler' driver.
INFO - 2026-01-14 15:12:44 --> CSRF token verified.
DEBUG - 2026-01-14 15:12:44 --> Session: Class initialized using 'CodeIgniter\Session\Handlers\FileHandler' driver.
DEBUG - 2026-01-14 15:12:44 --> Session: Class initialized using 'CodeIgniter\Session\Handlers\FileHandler' driver.
INFO - 2026-01-14 15:13:00 --> CSRF token verified.
DEBUG - 2026-01-14 15:13:00 --> Session: Class initialized using 'CodeIgniter\Session\Handlers\FileHandler' driver.
DEBUG - 2026-01-14 15:13:00 --> Session: Class initialized using 'CodeIgniter\Session\Handlers\FileHandler' driver.
INFO - 2026-01-14 15:13:03 --> CSRF token verified.
DEBUG - 2026-01-14 15:13:03 --> Session: Class initialized using 'CodeIgniter\Session\Handlers\FileHandler' driver.
DEBUG - 2026-01-14 15:13:03 --> Session: Class initialized using 'CodeIgniter\Session\Handlers\FileHandler' driver.
DEBUG - 2026-01-14 15:13:12 --> Session: Class initialized using 'CodeIgniter\Session\Handlers\FileHandler' driver.
DEBUG - 2026-01-14 15:13:15 --> Session: Class initialized using 'CodeIgniter\Session\Handlers\FileHandler' driver.
DEBUG - 2026-01-14 15:13:17 --> Session: Class initialized using 'CodeIgniter\Session\Handlers\FileHandler' driver.
DEBUG - 2026-01-14 15:13:18 --> Session: Class initialized using 'CodeIgniter\Session\Handlers\FileHandler' driver.
CRITICAL - 2026-01-14 15:26:37 --> CodeIgniter\View\Exceptions\ViewException: Invalid file: "Categorias/inicio_usuarios.php"
[Method: GET, Route: usuarios]
in SYSTEMPATH/Exceptions/FrameworkException.php on line 39.
 1 SYSTEMPATH/View/View.php(214): CodeIgniter\Exceptions\FrameworkException::forInvalidFile()
 2 SYSTEMPATH/Common.php(1167): CodeIgniter\View\View->render()
 3 APPPATH/Controllers/UsuariosController.php(241): view()
 4 SYSTEMPATH/CodeIgniter.php(933): App\Controllers\UsuariosController->index()
 5 SYSTEMPATH/CodeIgniter.php(507): CodeIgniter\CodeIgniter->runController()
 6 SYSTEMPATH/CodeIgniter.php(354): CodeIgniter\CodeIgniter->handleRequest()
 7 SYSTEMPATH/Boot.php(363): CodeIgniter\CodeIgniter->run()
 8 SYSTEMPATH/Boot.php(68): CodeIgniter\Boot::runCodeIgniter()
 9 FCPATH/index.php(59): CodeIgniter\Boot::bootWeb()
CRITICAL - 2026-01-14 15:26:42 --> CodeIgniter\View\Exceptions\ViewException: Invalid file: "Categorias/inicio_usuarios.php"
[Method: GET, Route: usuarios]
in SYSTEMPATH/Exceptions/FrameworkException.php on line 39.
 1 SYSTEMPATH/View/View.php(214): CodeIgniter\Exceptions\FrameworkException::forInvalidFile()
 2 SYSTEMPATH/Common.php(1167): CodeIgniter\View\View->render()
 3 APPPATH/Controllers/UsuariosController.php(241): view()
 4 SYSTEMPATH/CodeIgniter.php(933): App\Controllers\UsuariosController->index()
 5 SYSTEMPATH/CodeIgniter.php(507): CodeIgniter\CodeIgniter->runController()
 6 SYSTEMPATH/CodeIgniter.php(354): CodeIgniter\CodeIgniter->handleRequest()
 7 SYSTEMPATH/Boot.php(363): CodeIgniter\CodeIgniter->run()
 8 SYSTEMPATH/Boot.php(68): CodeIgniter\Boot::runCodeIgniter()
 9 FCPATH/index.php(59): CodeIgniter\Boot::bootWeb()
CRITICAL - 2026-01-14 15:26:44 --> CodeIgniter\View\Exceptions\ViewException: Invalid file: "Categorias/inicio_usuarios.php"
[Method: GET, Route: usuarios]
in SYSTEMPATH/Exceptions/FrameworkException.php on line 39.
 1 SYSTEMPATH/View/View.php(214): CodeIgniter\Exceptions\FrameworkException::forInvalidFile()
 2 SYSTEMPATH/Common.php(1167): CodeIgniter\View\View->render()
 3 APPPATH/Controllers/UsuariosController.php(241): view()
 4 SYSTEMPATH/CodeIgniter.php(933): App\Controllers\UsuariosController->index()
 5 SYSTEMPATH/CodeIgniter.php(507): CodeIgniter\CodeIgniter->runController()
 6 SYSTEMPATH/CodeIgniter.php(354): CodeIgniter\CodeIgniter->handleRequest()
 7 SYSTEMPATH/Boot.php(363): CodeIgniter\CodeIgniter->run()
 8 SYSTEMPATH/Boot.php(68): CodeIgniter\Boot::runCodeIgniter()
 9 FCPATH/index.php(59): CodeIgniter\Boot::bootWeb()
CRITICAL - 2026-01-14 15:27:00 --> CodeIgniter\View\Exceptions\ViewException: Invalid file: "Categorias/inicio_usuarios.php"
[Method: GET, Route: usuarios]
in SYSTEMPATH/Exceptions/FrameworkException.php on line 39.
 1 SYSTEMPATH/View/View.php(214): CodeIgniter\Exceptions\FrameworkException::forInvalidFile()
 2 SYSTEMPATH/Common.php(1167): CodeIgniter\View\View->render()
 3 APPPATH/Controllers/UsuariosController.php(241): view()
 4 SYSTEMPATH/CodeIgniter.php(933): App\Controllers\UsuariosController->index()
 5 SYSTEMPATH/CodeIgniter.php(507): CodeIgniter\CodeIgniter->runController()
 6 SYSTEMPATH/CodeIgniter.php(354): CodeIgniter\CodeIgniter->handleRequest()
 7 SYSTEMPATH/Boot.php(363): CodeIgniter\CodeIgniter->run()
 8 SYSTEMPATH/Boot.php(68): CodeIgniter\Boot::runCodeIgniter()
 9 FCPATH/index.php(59): CodeIgniter\Boot::bootWeb()
DEBUG - 2026-01-14 15:27:25 --> Session: Class initialized using 'CodeIgniter\Session\Handlers\FileHandler' driver.
CRITICAL - 2026-01-14 15:27:25 --> CodeIgniter\View\Exceptions\ViewException: Invalid file: "Categorias/inicio_usuarios.php"
[Method: GET, Route: usuarios]
in SYSTEMPATH/Exceptions/FrameworkException.php on line 39.
 1 SYSTEMPATH/View/View.php(214): CodeIgniter\Exceptions\FrameworkException::forInvalidFile()
 2 SYSTEMPATH/Common.php(1167): CodeIgniter\View\View->render()
 3 APPPATH/Controllers/UsuariosController.php(241): view()
 4 SYSTEMPATH/CodeIgniter.php(933): App\Controllers\UsuariosController->index()
 5 SYSTEMPATH/CodeIgniter.php(507): CodeIgniter\CodeIgniter->runController()
 6 SYSTEMPATH/CodeIgniter.php(354): CodeIgniter\CodeIgniter->handleRequest()
 7 SYSTEMPATH/Boot.php(363): CodeIgniter\CodeIgniter->run()
 8 SYSTEMPATH/Boot.php(68): CodeIgniter\Boot::runCodeIgniter()
 9 FCPATH/index.php(59): CodeIgniter\Boot::bootWeb()
DEBUG - 2026-01-14 15:28:40 --> Session: Class initialized using 'CodeIgniter\Session\Handlers\FileHandler' driver.
DEBUG - 2026-01-14 15:28:45 --> Session: Class initialized using 'CodeIgniter\Session\Handlers\FileHandler' driver.
DEBUG - 2026-01-14 15:28:45 --> Session: Class initialized using 'CodeIgniter\Session\Handlers\FileHandler' driver.
DEBUG - 2026-01-14 15:28:47 --> Session: Class initialized using 'CodeIgniter\Session\Handlers\FileHandler' driver.
DEBUG - 2026-01-14 15:28:47 --> Session: Class initialized using 'CodeIgniter\Session\Handlers\FileHandler' driver.
DEBUG - 2026-01-14 15:28:49 --> Session: Class initialized using 'CodeIgniter\Session\Handlers\FileHandler' driver.
DEBUG - 2026-01-14 15:28:49 --> Session: Class initialized using 'CodeIgniter\Session\Handlers\FileHandler' driver.
CRITICAL - 2026-01-14 15:47:56 --> CodeIgniter\View\Exceptions\ViewException: Invalid file: "Impresora/Index.php"
[Method: GET, Route: Impresora]
in SYSTEMPATH/Exceptions/FrameworkException.php on line 39.
 1 SYSTEMPATH/View/View.php(214): CodeIgniter\Exceptions\FrameworkException::forInvalidFile()
 2 SYSTEMPATH/Common.php(1167): CodeIgniter\View\View->render()
 3 APPPATH/Controllers/ImpresoraController.php(9): view()
 4 SYSTEMPATH/CodeIgniter.php(933): App\Controllers\ImpresoraController->index()
 5 SYSTEMPATH/CodeIgniter.php(507): CodeIgniter\CodeIgniter->runController()
 6 SYSTEMPATH/CodeIgniter.php(354): CodeIgniter\CodeIgniter->handleRequest()
 7 SYSTEMPATH/Boot.php(363): CodeIgniter\CodeIgniter->run()
 8 SYSTEMPATH/Boot.php(68): CodeIgniter\Boot::runCodeIgniter()
 9 FCPATH/index.php(59): CodeIgniter\Boot::bootWeb()
CRITICAL - 2026-01-14 15:49:54 --> CodeIgniter\View\Exceptions\ViewException: Invalid file: "Impresora/Index.php"
[Method: GET, Route: Impresora]
in SYSTEMPATH/Exceptions/FrameworkException.php on line 39.
 1 SYSTEMPATH/View/View.php(214): CodeIgniter\Exceptions\FrameworkException::forInvalidFile()
 2 SYSTEMPATH/Common.php(1167): CodeIgniter\View\View->render()
 3 APPPATH/Controllers/ImpresoraController.php(9): view()
 4 SYSTEMPATH/CodeIgniter.php(933): App\Controllers\ImpresoraController->index()
 5 SYSTEMPATH/CodeIgniter.php(507): CodeIgniter\CodeIgniter->runController()
 6 SYSTEMPATH/CodeIgniter.php(354): CodeIgniter\CodeIgniter->handleRequest()
 7 SYSTEMPATH/Boot.php(363): CodeIgniter\CodeIgniter->run()
 8 SYSTEMPATH/Boot.php(68): CodeIgniter\Boot::runCodeIgniter()
 9 FCPATH/index.php(59): CodeIgniter\Boot::bootWeb()
DEBUG - 2026-01-14 15:50:53 --> Session: Class initialized using 'CodeIgniter\Session\Handlers\FileHandler' driver.
DEBUG - 2026-01-14 16:01:24 --> Session: Class initialized using 'CodeIgniter\Session\Handlers\FileHandler' driver.
DEBUG - 2026-01-14 16:02:48 --> Session: Class initialized using 'CodeIgniter\Session\Handlers\FileHandler' driver.
DEBUG - 2026-01-14 16:03:47 --> Session: Class initialized using 'CodeIgniter\Session\Handlers\FileHandler' driver.
DEBUG - 2026-01-14 16:05:20 --> Session: Class initialized using 'CodeIgniter\Session\Handlers\FileHandler' driver.
DEBUG - 2026-01-14 16:05:21 --> Session: Class initialized using 'CodeIgniter\Session\Handlers\FileHandler' driver.
DEBUG - 2026-01-14 16:05:40 --> Session: Class initialized using 'CodeIgniter\Session\Handlers\FileHandler' driver.
DEBUG - 2026-01-14 16:05:41 --> Session: Class initialized using 'CodeIgniter\Session\Handlers\FileHandler' driver.
DEBUG - 2026-01-14 16:09:16 --> Session: Class initialized using 'CodeIgniter\Session\Handlers\FileHandler' driver.
DEBUG - 2026-01-14 16:09:18 --> Session: Class initialized using 'CodeIgniter\Session\Handlers\FileHandler' driver.
DEBUG - 2026-01-14 16:10:23 --> Session: Class initialized using 'CodeIgniter\Session\Handlers\FileHandler' driver.
INFO - 2026-01-14 16:10:25 --> CSRF token verified.
DEBUG - 2026-01-14 16:10:25 --> Session: Class initialized using 'CodeIgniter\Session\Handlers\FileHandler' driver.
DEBUG - 2026-01-14 16:10:25 --> Session: Class initialized using 'CodeIgniter\Session\Handlers\FileHandler' driver.
CRITICAL - 2026-01-14 16:10:28 --> CodeIgniter\Exceptions\RuntimeException: View themes, no current section.
[Method: GET, Route: Impresora]
in SYSTEMPATH/View/View.php on line 430.
 1 APPPATH/Views/impresora/index.php(4): CodeIgniter\View\View->endSection()
 2 SYSTEMPATH/View/View.php(226): include('/home/u502235271/domains/kachbentsystem.online/public_html/Proyect_Appforrajes/app/Views/impresora/index.php')
 3 SYSTEMPATH/View/View.php(229): CodeIgniter\View\View->CodeIgniter\View\{closure}()
 4 SYSTEMPATH/Common.php(1167): CodeIgniter\View\View->render()
 5 APPPATH/Controllers/ImpresoraController.php(9): view()
 6 SYSTEMPATH/CodeIgniter.php(933): App\Controllers\ImpresoraController->index()
 7 SYSTEMPATH/CodeIgniter.php(507): CodeIgniter\CodeIgniter->runController()
 8 SYSTEMPATH/CodeIgniter.php(354): CodeIgniter\CodeIgniter->handleRequest()
 9 SYSTEMPATH/Boot.php(363): CodeIgniter\CodeIgniter->run()
10 SYSTEMPATH/Boot.php(68): CodeIgniter\Boot::runCodeIgniter()
11 FCPATH/index.php(59): CodeIgniter\Boot::bootWeb()
CRITICAL - 2026-01-14 16:10:59 --> CodeIgniter\Exceptions\RuntimeException: View themes, no current section.
[Method: GET, Route: Impresora]
in SYSTEMPATH/View/View.php on line 430.
 1 APPPATH/Views/impresora/index.php(4): CodeIgniter\View\View->endSection()
 2 SYSTEMPATH/View/View.php(226): include('/home/u502235271/domains/kachbentsystem.online/public_html/Proyect_Appforrajes/app/Views/impresora/index.php')
 3 SYSTEMPATH/View/View.php(229): CodeIgniter\View\View->CodeIgniter\View\{closure}()
 4 SYSTEMPATH/Common.php(1167): CodeIgniter\View\View->render()
 5 APPPATH/Controllers/ImpresoraController.php(9): view()
 6 SYSTEMPATH/CodeIgniter.php(933): App\Controllers\ImpresoraController->index()
 7 SYSTEMPATH/CodeIgniter.php(507): CodeIgniter\CodeIgniter->runController()
 8 SYSTEMPATH/CodeIgniter.php(354): CodeIgniter\CodeIgniter->handleRequest()
 9 SYSTEMPATH/Boot.php(363): CodeIgniter\CodeIgniter->run()
10 SYSTEMPATH/Boot.php(68): CodeIgniter\Boot::runCodeIgniter()
11 FCPATH/index.php(59): CodeIgniter\Boot::bootWeb()
CRITICAL - 2026-01-14 16:11:00 --> CodeIgniter\Exceptions\RuntimeException: View themes, no current section.
[Method: GET, Route: Impresora]
in SYSTEMPATH/View/View.php on line 430.
 1 APPPATH/Views/impresora/index.php(4): CodeIgniter\View\View->endSection()
 2 SYSTEMPATH/View/View.php(226): include('/home/u502235271/domains/kachbentsystem.online/public_html/Proyect_Appforrajes/app/Views/impresora/index.php')
 3 SYSTEMPATH/View/View.php(229): CodeIgniter\View\View->CodeIgniter\View\{closure}()
 4 SYSTEMPATH/Common.php(1167): CodeIgniter\View\View->render()
 5 APPPATH/Controllers/ImpresoraController.php(9): view()
 6 SYSTEMPATH/CodeIgniter.php(933): App\Controllers\ImpresoraController->index()
 7 SYSTEMPATH/CodeIgniter.php(507): CodeIgniter\CodeIgniter->runController()
 8 SYSTEMPATH/CodeIgniter.php(354): CodeIgniter\CodeIgniter->handleRequest()
 9 SYSTEMPATH/Boot.php(363): CodeIgniter\CodeIgniter->run()
10 SYSTEMPATH/Boot.php(68): CodeIgniter\Boot::runCodeIgniter()
11 FCPATH/index.php(59): CodeIgniter\Boot::bootWeb()
CRITICAL - 2026-01-14 16:11:00 --> CodeIgniter\Exceptions\RuntimeException: View themes, no current section.
[Method: GET, Route: Impresora]
in SYSTEMPATH/View/View.php on line 430.
 1 APPPATH/Views/impresora/index.php(4): CodeIgniter\View\View->endSection()
 2 SYSTEMPATH/View/View.php(226): include('/home/u502235271/domains/kachbentsystem.online/public_html/Proyect_Appforrajes/app/Views/impresora/index.php')
 3 SYSTEMPATH/View/View.php(229): CodeIgniter\View\View->CodeIgniter\View\{closure}()
 4 SYSTEMPATH/Common.php(1167): CodeIgniter\View\View->render()
 5 APPPATH/Controllers/ImpresoraController.php(9): view()
 6 SYSTEMPATH/CodeIgniter.php(933): App\Controllers\ImpresoraController->index()
 7 SYSTEMPATH/CodeIgniter.php(507): CodeIgniter\CodeIgniter->runController()
 8 SYSTEMPATH/CodeIgniter.php(354): CodeIgniter\CodeIgniter->handleRequest()
 9 SYSTEMPATH/Boot.php(363): CodeIgniter\CodeIgniter->run()
10 SYSTEMPATH/Boot.php(68): CodeIgniter\Boot::runCodeIgniter()
11 FCPATH/index.php(59): CodeIgniter\Boot::bootWeb()
DEBUG - 2026-01-14 16:11:19 --> Session: Class initialized using 'CodeIgniter\Session\Handlers\FileHandler' driver.
DEBUG - 2026-01-14 16:11:21 --> Session: Class initialized using 'CodeIgniter\Session\Handlers\FileHandler' driver.
DEBUG - 2026-01-14 16:12:19 --> Session: Class initialized using 'CodeIgniter\Session\Handlers\FileHandler' driver.
DEBUG - 2026-01-14 16:12:26 --> Session: Class initialized using 'CodeIgniter\Session\Handlers\FileHandler' driver.
DEBUG - 2026-01-14 16:12:26 --> Session: Class initialized using 'CodeIgniter\Session\Handlers\FileHandler' driver.
INFO - 2026-01-14 16:12:37 --> CSRF token verified.
DEBUG - 2026-01-14 16:12:37 --> Session: Class initialized using 'CodeIgniter\Session\Handlers\FileHandler' driver.
DEBUG - 2026-01-14 16:12:38 --> Session: Class initialized using 'CodeIgniter\Session\Handlers\FileHandler' driver.
DEBUG - 2026-01-14 16:12:46 --> Session: Class initialized using 'CodeIgniter\Session\Handlers\FileHandler' driver.
DEBUG - 2026-01-14 16:13:29 --> Session: Class initialized using 'CodeIgniter\Session\Handlers\FileHandler' driver.
DEBUG - 2026-01-14 16:15:08 --> Session: Class initialized using 'CodeIgniter\Session\Handlers\FileHandler' driver.
DEBUG - 2026-01-14 16:15:09 --> Session: Class initialized using 'CodeIgniter\Session\Handlers\FileHandler' driver.
DEBUG - 2026-01-14 16:15:12 --> Session: Class initialized using 'CodeIgniter\Session\Handlers\FileHandler' driver.
DEBUG - 2026-01-14 16:15:15 --> Session: Class initialized using 'CodeIgniter\Session\Handlers\FileHandler' driver.
DEBUG - 2026-01-14 16:15:27 --> Session: Class initialized using 'CodeIgniter\Session\Handlers\FileHandler' driver.
DEBUG - 2026-01-14 16:15:29 --> Session: Class initialized using 'CodeIgniter\Session\Handlers\FileHandler' driver.
DEBUG - 2026-01-14 16:15:34 --> Session: Class initialized using 'CodeIgniter\Session\Handlers\FileHandler' driver.
DEBUG - 2026-01-14 16:15:41 --> Session: Class initialized using 'CodeIgniter\Session\Handlers\FileHandler' driver.
DEBUG - 2026-01-14 16:15:49 --> Session: Class initialized using 'CodeIgniter\Session\Handlers\FileHandler' driver.
DEBUG - 2026-01-14 16:15:52 --> Session: Class initialized using 'CodeIgniter\Session\Handlers\FileHandler' driver.
DEBUG - 2026-01-14 16:16:01 --> Session: Class initialized using 'CodeIgniter\Session\Handlers\FileHandler' driver.
DEBUG - 2026-01-14 16:16:02 --> Session: Class initialized using 'CodeIgniter\Session\Handlers\FileHandler' driver.
DEBUG - 2026-01-14 16:16:08 --> Session: Class initialized using 'CodeIgniter\Session\Handlers\FileHandler' driver.
DEBUG - 2026-01-14 16:16:25 --> Session: Class initialized using 'CodeIgniter\Session\Handlers\FileHandler' driver.
DEBUG - 2026-01-14 16:16:28 --> Session: Class initialized using 'CodeIgniter\Session\Handlers\FileHandler' driver.
DEBUG - 2026-01-14 16:16:32 --> Session: Class initialized using 'CodeIgniter\Session\Handlers\FileHandler' driver.
DEBUG - 2026-01-14 16:16:34 --> Session: Class initialized using 'CodeIgniter\Session\Handlers\FileHandler' driver.
DEBUG - 2026-01-14 16:16:57 --> Session: Class initialized using 'CodeIgniter\Session\Handlers\FileHandler' driver.
DEBUG - 2026-01-14 16:17:05 --> Session: Class initialized using 'CodeIgniter\Session\Handlers\FileHandler' driver.
DEBUG - 2026-01-14 16:17:11 --> Session: Class initialized using 'CodeIgniter\Session\Handlers\FileHandler' driver.
DEBUG - 2026-01-14 16:17:13 --> Session: Class initialized using 'CodeIgniter\Session\Handlers\FileHandler' driver.
DEBUG - 2026-01-14 16:17:18 --> Session: Class initialized using 'CodeIgniter\Session\Handlers\FileHandler' driver.
DEBUG - 2026-01-14 16:17:19 --> Session: Class initialized using 'CodeIgniter\Session\Handlers\FileHandler' driver.
DEBUG - 2026-01-14 16:17:24 --> Session: Class initialized using 'CodeIgniter\Session\Handlers\FileHandler' driver.
DEBUG - 2026-01-14 16:17:36 --> Session: Class initialized using 'CodeIgniter\Session\Handlers\FileHandler' driver.
DEBUG - 2026-01-14 16:17:36 --> Session: Class initialized using 'CodeIgniter\Session\Handlers\FileHandler' driver.
DEBUG - 2026-01-14 16:17:41 --> Session: Class initialized using 'CodeIgniter\Session\Handlers\FileHandler' driver.
DEBUG - 2026-01-14 16:17:54 --> Session: Class initialized using 'CodeIgniter\Session\Handlers\FileHandler' driver.
DEBUG - 2026-01-14 16:18:10 --> Session: Class initialized using 'CodeIgniter\Session\Handlers\FileHandler' driver.
DEBUG - 2026-01-14 16:18:10 --> Session: Class initialized using 'CodeIgniter\Session\Handlers\FileHandler' driver.
DEBUG - 2026-01-14 16:18:48 --> Session: Class initialized using 'CodeIgniter\Session\Handlers\FileHandler' driver.
DEBUG - 2026-01-14 16:18:49 --> Session: Class initialized using 'CodeIgniter\Session\Handlers\FileHandler' driver.
DEBUG - 2026-01-14 16:21:18 --> Session: Class initialized using 'CodeIgniter\Session\Handlers\FileHandler' driver.
DEBUG - 2026-01-14 16:21:18 --> Session: Class initialized using 'CodeIgniter\Session\Handlers\FileHandler' driver.
INFO - 2026-01-14 16:21:31 --> CSRF token verified.
DEBUG - 2026-01-14 16:21:31 --> Session: Class initialized using 'CodeIgniter\Session\Handlers\FileHandler' driver.
DEBUG - 2026-01-14 16:21:31 --> Session: Class initialized using 'CodeIgniter\Session\Handlers\FileHandler' driver.
DEBUG - 2026-01-14 16:21:39 --> Session: Class initialized using 'CodeIgniter\Session\Handlers\FileHandler' driver.
DEBUG - 2026-01-14 16:27:30 --> Session: Class initialized using 'CodeIgniter\Session\Handlers\FileHandler' driver.
DEBUG - 2026-01-14 16:27:41 --> Session: Class initialized using 'CodeIgniter\Session\Handlers\FileHandler' driver.
DEBUG - 2026-01-14 16:27:49 --> Session: Class initialized using 'CodeIgniter\Session\Handlers\FileHandler' driver.
DEBUG - 2026-01-14 16:27:51 --> Session: Class initialized using 'CodeIgniter\Session\Handlers\FileHandler' driver.
DEBUG - 2026-01-14 16:28:55 --> Session: Class initialized using 'CodeIgniter\Session\Handlers\FileHandler' driver.
DEBUG - 2026-01-14 16:28:57 --> Session: Class initialized using 'CodeIgniter\Session\Handlers\FileHandler' driver.
DEBUG - 2026-01-14 16:29:00 --> Session: Class initialized using 'CodeIgniter\Session\Handlers\FileHandler' driver.
DEBUG - 2026-01-14 16:36:05 --> Session: Class initialized using 'CodeIgniter\Session\Handlers\FileHandler' driver.
DEBUG - 2026-01-14 16:36:11 --> Session: Class initialized using 'CodeIgniter\Session\Handlers\FileHandler' driver.
DEBUG - 2026-01-14 16:39:33 --> Session: Class initialized using 'CodeIgniter\Session\Handlers\FileHandler' driver.
DEBUG - 2026-01-14 16:39:50 --> Session: Class initialized using 'CodeIgniter\Session\Handlers\FileHandler' driver.
DEBUG - 2026-01-14 16:39:59 --> Session: Class initialized using 'CodeIgniter\Session\Handlers\FileHandler' driver.
DEBUG - 2026-01-14 16:40:27 --> Session: Class initialized using 'CodeIgniter\Session\Handlers\FileHandler' driver.
DEBUG - 2026-01-14 16:47:38 --> Session: Class initialized using 'CodeIgniter\Session\Handlers\FileHandler' driver.
DEBUG - 2026-01-14 16:47:41 --> Session: Class initialized using 'CodeIgniter\Session\Handlers\FileHandler' driver.
DEBUG - 2026-01-14 16:49:30 --> Session: Class initialized using 'CodeIgniter\Session\Handlers\FileHandler' driver.
DEBUG - 2026-01-14 16:49:34 --> Session: Class initialized using 'CodeIgniter\Session\Handlers\FileHandler' driver.
DEBUG - 2026-01-14 16:53:52 --> Session: Class initialized using 'CodeIgniter\Session\Handlers\FileHandler' driver.
DEBUG - 2026-01-14 16:53:58 --> Session: Class initialized using 'CodeIgniter\Session\Handlers\FileHandler' driver.
DEBUG - 2026-01-14 16:54:45 --> Session: Class initialized using 'CodeIgniter\Session\Handlers\FileHandler' driver.
DEBUG - 2026-01-14 16:54:45 --> Session: Class initialized using 'CodeIgniter\Session\Handlers\FileHandler' driver.
DEBUG - 2026-01-14 16:56:14 --> Session: Class initialized using 'CodeIgniter\Session\Handlers\FileHandler' driver.
DEBUG - 2026-01-14 16:56:14 --> Session: Class initialized using 'CodeIgniter\Session\Handlers\FileHandler' driver.
DEBUG - 2026-01-14 16:56:21 --> Session: Class initialized using 'CodeIgniter\Session\Handlers\FileHandler' driver.
DEBUG - 2026-01-14 16:56:22 --> Session: Class initialized using 'CodeIgniter\Session\Handlers\FileHandler' driver.
